#
# A fatal error has been detected by the Java Runtime Environment:
#
#  Internal Error (jvmciRuntime.cpp:1609), pid=543, tid=557
#  fatal error: Fatal exception in JVMCI: Error calling jdk.vm.ci.services.Services.serializeSavedProperties
#
# JRE version: OpenJDK Runtime Environment GraalVM CE 22.3.0 (17.0.5+8) (build 17.0.5+8-jvmci-22.3-b08)
# Java VM: OpenJDK 64-Bit Server VM GraalVM CE 22.3.0 (17.0.5+8-jvmci-22.3-b08, mixed mode, sharing, tiered, jvmci, jvmci compiler, compressed oops, compressed class ptrs, parallel gc, linux-amd64)
# Problematic frame:
# V  [libjvm.so+0x972714]  JVMCIRuntime::fatal_exception(JVMCIEnv*, char const*)+0x74
#
# Core dump will be written. Default location: Core dumps may be processed with "/usr/share/apport/apport -p%p -s%s -c%c -d%d -P%P -u%u -g%g -- %E" (or dumping to /home/runner/java4/core.543)
#
# If you would like to submit a bug report, please visit:
#   https://github.com/oracle/graal/issues
#

---------------  S U M M A R Y ------------

Command Line: -XX:ThreadPriorityPolicy=1 -XX:+UnlockExperimentalVMOptions -XX:+EnableJVMCIProduct -XX:JVMCIThreadsPerNativeLibraryRuntime=1 -XX:-UnlockExperimentalVMOptions -Declipse.application=org.eclipse.jdt.ls.core.id1 -Dosgi.bundles.defaultStartLevel=4 -Declipse.product=org.eclipse.jdt.ls.core.product -Dlog.level=ALL -Xverify:none -XX:+UseParallelGC -XX:GCTimeRatio=4 -XX:AdaptiveSizePolicyWeight=90 -Dsun.zip.disableMemoryMapping=true -Xmx512m -Xms100m /nix/store/m6gcpi1ii6rghy04cjwjddcavv7i90df-jdt-language-server-1.9.0/share/java/plugins/org.eclipse.equinox.launcher_1.6.400.v20210924-0641.jar --add-modules=ALL-SYSTEM --add-opens java.base/java.util=ALL-UNNAMED --add-opens java.base/java.lang=ALL-UNNAMED -configuration /home/runner/.cache/jdt-language-server/config -data /home/runner/.cache/jdt-language-server/data/home/runner/java4

Host: AMD EPYC 7B12, 8 cores, 1G, Ubuntu 20.04.2 LTS
Time: Wed Apr 26 13:08:13 2023 UTC elapsed time: 279.336068 seconds (0d 0h 4m 39s)

---------------  T H R E A D  ---------------

Current thread (0x00007f8cdc0b21b0):  JavaThread "JVMCI-native CompilerThread0" daemon [_thread_in_vm, id=557, stack(0x00007f8ce0918000,0x00007f8ce0b18000)]


Current CompileTask:
JVMCI-native: 279336 9817       4       java.util.AbstractCollection::isEmpty (13 bytes)

Stack: [0x00007f8ce0918000,0x00007f8ce0b18000],  sp=0x00007f8ce0b16380,  free space=2040k
Native frames: (J=compiled Java code, j=interpreted, Vv=VM code, C=native code)
V  [libjvm.so+0x972714]  JVMCIRuntime::fatal_exception(JVMCIEnv*, char const*)+0x74
V  [libjvm.so+0x93e2fe]  JVMCIEnv::copy_saved_properties()+0x14e
V  [libjvm.so+0x9732a9]  JVMCIRuntime::initialize(JVMCIEnv*)+0xb19
V  [libjvm.so+0x9738a2]  JVMCIRuntime::get_HotSpotJVMCIRuntime(JVMCIEnv*)+0x12
V  [libjvm.so+0x9749f2]  JVMCIRuntime::compile_method(JVMCIEnv*, JVMCICompiler*, methodHandle const&, int)+0xd2
V  [libjvm.so+0x5b0d20]  CompileBroker::invoke_compiler_on_method(CompileTask*)+0x1470
V  [libjvm.so+0x5b12e8]  CompileBroker::compiler_thread_loop()+0x528
V  [libjvm.so+0xd82460]  JavaThread::thread_main_inner()+0xd0
V  [libjvm.so+0xd85a40]  Thread::call_run()+0xc0
V  [libjvm.so+0xbdb1e1]  thread_native_entry(Thread*)+0xe1

Register to memory mapping:

RAX=0x00007f8ce3a19000 points into unknown readable memory: 0x0000000000000058 | 58 00 00 00 00 00 00 00
RBX=0x00007f8ce4b14398: <offset 0x0000000000ef5398> in /nix/store/gpxl5qgg8kicmcvivwmybwjlpf7wh20l-graalvm17-ce-22.3.0/lib/server/libjvm.so at 0x00007f8ce3c1f000
RCX=0x00007f8ce4acc1e8: <offset 0x0000000000ead1e8> in /nix/store/gpxl5qgg8kicmcvivwmybwjlpf7wh20l-graalvm17-ce-22.3.0/lib/server/libjvm.so at 0x00007f8ce3c1f000
RDX=0x0000000000000649 is an unknown value
RSP=0x00007f8ce0b16380 is pointing into the stack for thread: 0x00007f8cdc0b21b0
RBP=0x00007f8ce0b163a0 is pointing into the stack for thread: 0x00007f8cdc0b21b0
RSI=0x00007f8ce4b14c48: <offset 0x0000000000ef5c48> in /nix/store/gpxl5qgg8kicmcvivwmybwjlpf7wh20l-graalvm17-ce-22.3.0/lib/server/libjvm.so at 0x00007f8ce3c1f000
RDI=0x00000000e0000000 is an oop: java.util.HashMap$Node 
{0x00000000e0000000} - klass: 'java/util/HashMap$Node'
 - ---- fields (total size 4 words):
 - final 'hash' 'I' @12  -1766723644 (96b1efc4)
 - final 'key' 'Ljava/lang/Object;' @16  "org/apache/felix/resolver/ResolverImpl$Packages.class"{0x00000000e0000020} (e0000020)
 - 'value' 'Ljava/lang/Object;' @20  a 'java/util/jar/Attributes'{0x00000000e0000080} (e0000080)
 - 'next' 'Ljava/util/HashMap$Node;' @24  NULL (0)
R8 =0x00007f8ce4b14398: <offset 0x0000000000ef5398> in /nix/store/gpxl5qgg8kicmcvivwmybwjlpf7wh20l-graalvm17-ce-22.3.0/lib/server/libjvm.so at 0x00007f8ce3c1f000
R9 =0x00007f8ce0b16330 is pointing into the stack for thread: 0x00007f8cdc0b21b0
R10=0x00007f8ce0b17948 is pointing into the stack for thread: 0x00007f8cdc0b21b0
R11=0x0000000000000293 is an unknown value
R12=0x0 is NULL
R13=0x00007f8cdc0b21b0 is a thread
R14=0x00007f8cdc000b80 points into unknown readable memory: 0x00007f8ce4d45a38 | 38 5a d4 e4 8c 7f 00 00
R15=0x00007f8ce4e53e40: <offset 0x0000000001234e40> in /nix/store/gpxl5qgg8kicmcvivwmybwjlpf7wh20l-graalvm17-ce-22.3.0/lib/server/libjvm.so at 0x00007f8ce3c1f000


Registers:
RAX=0x00007f8ce3a19000, RBX=0x00007f8ce4b14398, RCX=0x00007f8ce4acc1e8, RDX=0x0000000000000649
RSP=0x00007f8ce0b16380, RBP=0x00007f8ce0b163a0, RSI=0x00007f8ce4b14c48, RDI=0x00000000e0000000
R8 =0x00007f8ce4b14398, R9 =0x00007f8ce0b16330, R10=0x00007f8ce0b17948, R11=0x0000000000000293
R12=0x0000000000000000, R13=0x00007f8cdc0b21b0, R14=0x00007f8cdc000b80, R15=0x00007f8ce4e53e40
RIP=0x00007f8ce4591714, EFLAGS=0x0000000000010206, CSGSFS=0x002b000000000033, ERR=0x0000000000000006
  TRAPNO=0x000000000000000e

Top of Stack: (sp=0x00007f8ce0b16380)
0x00007f8ce0b16380:   00007f8ce0b16940 00007f8cdc0b21b0
0x00007f8ce0b16390:   00007f8ce23aa8c8 0000000800c405e8
0x00007f8ce0b163a0:   00007f8ce0b16500 00007f8ce455d2fe
0x00007f8ce0b163b0:   00007f8ce0b163e0 00007f8ce0b16440 

Instructions: (pc=0x00007f8ce4591714)
0x00007f8ce4591614:   30 e8 f6 cf e8 ff 4c 89 e7 e8 2e 48 d1 ff 84 db
0x00007f8ce4591624:   75 2a 4d 85 ed 74 04 4d 8b 6d 00 48 83 c4 08 44
0x00007f8ce4591634:   89 f9 4c 89 f2 4c 89 ee 5b 4c 89 e7 41 5c 41 5d
0x00007f8ce4591644:   41 5e 41 5f 5d e9 e2 47 d1 ff 66 90 48 83 c4 08
0x00007f8ce4591654:   5b 41 5c 41 5d 41 5e 41 5f 5d c3 90 31 d2 be 08
0x00007f8ce4591664:   00 00 00 4c 89 ff e8 b1 78 a3 ff 49 89 c5 e9 37
0x00007f8ce4591674:   ff ff ff 66 0f 1f 84 00 00 00 00 00 48 8b 7a 08
0x00007f8ce4591684:   e9 6d ff ff ff 0f 1f 80 00 00 00 00 e8 5b 48 0a
0x00007f8ce4591694:   00 84 c0 75 89 e9 6a ff ff ff 66 90 55 48 89 e5
0x00007f8ce45916a4:   41 56 41 55 41 54 49 89 fc 53 48 89 f3 66 48 8d
0x00007f8ce45916b4:   3d 27 5e 85 00 66 66 48 e8 df 43 8d ff 4c 8b 28
0x00007f8ce45916c4:   8b 05 be 72 8a 00 85 c0 75 14 ba 01 00 00 00 48
0x00007f8ce45916d4:   8d 0d ae 72 8a 00 f0 0f b1 11 85 c0 74 4e be c8
0x00007f8ce45916e4:   00 00 00 4c 89 ef e8 01 0b 41 00 48 8d 05 12 ac
0x00007f8ce45916f4:   85 00 49 89 d8 48 8d 0d e8 aa 53 00 ba 49 06 00
0x00007f8ce4591704:   00 48 8d 35 3c 35 58 00 bf 00 00 00 e0 48 8b 00
0x00007f8ce4591714:   c6 00 58 31 c0 e8 e2 91 c6 ff 5b 41 5c 41 5d 41
0x00007f8ce4591724:   5e 5d e9 55 34 26 00 0f 1f 44 00 00 48 8d 05 81
0x00007f8ce4591734:   a3 8b 00 48 89 df 4c 8b 30 e8 9e 43 8d ff 48 89
0x00007f8ce4591744:   de 48 89 c2 49 8b 06 4c 89 f7 ff 50 08 4c 89 f7
0x00007f8ce4591754:   e8 a7 5c 27 00 4d 85 e4 74 12 be 01 00 00 00 4c
0x00007f8ce4591764:   89 e7 e8 35 43 fc ff eb 82 0f 1f 00 be 01 00 00
0x00007f8ce4591774:   00 4c 89 ef e8 d3 fd ff ff e9 6d ff ff ff 66 66
0x00007f8ce4591784:   2e 0f 1f 84 00 00 00 00 00 0f 1f 00 55 48 89 e5
0x00007f8ce4591794:   41 57 41 56 41 55 41 54 53 48 81 ec 08 02 00 00
0x00007f8ce45917a4:   64 48 8b 04 25 28 00 00 00 48 89 45 c8 8b 07 83
0x00007f8ce45917b4:   f8 02 0f 84 11 04 00 00 4c 8b 6f 18 49 89 ff 49
0x00007f8ce45917c4:   89 f4 4d 85 ed 74 14 4c 89 ef e8 5d 57 22 00 41
0x00007f8ce45917d4:   8b 07 83 f8 02 0f 84 19 04 00 00 48 8d 1d 9a 06
0x00007f8ce45917e4:   8a 00 4c 8d 35 0b 3c 58 00 eb 38 90 48 85 d2 7f
0x00007f8ce45917f4:   0d 48 8d 05 b4 c0 85 00 48 83 38 00 7e 0e 41 8b
0x00007f8ce4591804:   77 2c 4c 89 f7 31 c0 e8 a0 b2 f7 ff 49 8b 7f 18 


Stack slot to memory mapping:
stack at sp + 0 slots: 0x00007f8ce0b16940 is pointing into the stack for thread: 0x00007f8cdc0b21b0
stack at sp + 1 slots: 0x00007f8cdc0b21b0 is a thread
stack at sp + 2 slots: 0x00007f8ce23aa8c8 points into unknown readable memory: 0x65730018e552ffff | ff ff 52 e5 18 00 73 65
stack at sp + 3 slots: 0x0000000800c405e8 is a pointer to class: 
jdk.vm.ci.services.Services {0x0000000800c405e8}
 - instance size:     2
 - klass size:        65
 - access:            public final synchronized 
 - state:             fully_initialized
 - name:              'jdk/vm/ci/services/Services'
 - super:             'java/lang/Object'
 - sub:               
 - arrays:            NULL
 - methods:           Array<T>(0x00007f8ce143bf90)
 - method ordering:   Array<T>(0x0000000800928960)
 - default_methods:   Array<T>(0x0000000000000000)
 - local interfaces:  Array<T>(0x00000008005ce810)
 - trans. interfaces: Array<T>(0x00000008005ce810)
 - constants:         constant pool [427] {0x00007f8ce143b070} for 'jdk/vm/ci/services/Services' cache=0x00007f8ce143d260
 - class loader data:  loader data: 0x00007f8cdc0283d0 of 'bootstrap'
 - source file:       'Services.java'
 - class annotations:       Array<T>(0x0000000000000000)
 - class type annotations:  Array<T>(0x0000000000000000)
 - field annotations:       Array<T>(0x0000000000000000)
 - field type annotations:  Array<T>(0x0000000000000000)
 - inner classes:     Array<T>(0x00007f8ce143d230)
 - nest members:     Array<T>(0x00007f8ce143d250)
 - permitted subclasses:     Array<T>(0x00000008005ce7a0)
 - java mirror:       a 'java/lang/Class'{0x00000000e02be720} = 'jdk/vm/ci/services/Services'
 - vtable length      5  (start addr: 0x0000000800c407b8)
 - itable length      2 (start addr: 0x0000000800c407e0)
 - ---- static fields (3 words):
 - public static final 'IS_BUILDING_NATIVE_IMAGE' 'Z' @128 
 - public static final 'IS_IN_NATIVE_IMAGE' 'Z' @129 
 - private static volatile 'savedProperties' 'Ljava/util/Map;' @112 
 - static final 'JVMCI_ENABLED' 'Z' @130 
 - private static final 'servicesCache' 'Ljava/util/Map;' @116 
 - private static final 'MAX_UNICODE_IN_UTF8_LENGTH' 'I' @120 
 - private static final 'MAX_UTF8_PROPERTY_STRING_LENGTH' 'I' @124 
 - ---- non-static fields (0 words):
 - non-static oop maps: 
stack at sp + 4 slots: 0x00007f8ce0b16500 is pointing into the stack for thread: 0x00007f8cdc0b21b0
stack at sp + 5 slots: 0x00007f8ce455d2fe: <offset 0x000000000093e2fe> in /nix/store/gpxl5qgg8kicmcvivwmybwjlpf7wh20l-graalvm17-ce-22.3.0/lib/server/libjvm.so at 0x00007f8ce3c1f000
stack at sp + 6 slots: 0x00007f8ce0b163e0 is pointing into the stack for thread: 0x00007f8cdc0b21b0
stack at sp + 7 slots: 0x00007f8ce0b16440 is pointing into the stack for thread: 0x00007f8cdc0b21b0


---------------  P R O C E S S  ---------------

Threads class SMR info:
_java_thread_list=0x00007f8c6c096a30, length=25, elements={
0x00007f8cdc026670, 0x00007f8cdc0a64b0, 0x00007f8cdc0a78f0, 0x00007f8cdc0ae020,
0x00007f8cdc0af3d0, 0x00007f8cdc0b07c0, 0x00007f8cdc0b21b0, 0x00007f8cdc0b36c0,
0x00007f8cdc0b4b10, 0x00007f8cdc0dfa50, 0x00007f8cdc1271b0, 0x00007f8cdc2cbec0,
0x00007f8cdc313c70, 0x00007f8cdc316d20, 0x00007f8c74032e40, 0x00007f8c74412e70,
0x00007f8c744a49b0, 0x00007f8c600080e0, 0x00007f8c74647150, 0x00007f8c7470f860,
0x00007f8cdc3621b0, 0x00007f8cdc3f7400, 0x00007f8c6c001570, 0x00007f8c481a21e0,
0x00007f8c481a7810
}

Java Threads: ( => current thread )
  0x00007f8cdc026670 JavaThread "main" [_thread_blocked, id=549, stack(0x00007f8ce3a3a000,0x00007f8ce3b3a000)]
  0x00007f8cdc0a64b0 JavaThread "Reference Handler" daemon [_thread_blocked, id=552, stack(0x00007f8ce11fe000,0x00007f8ce12fe000)]
  0x00007f8cdc0a78f0 JavaThread "Finalizer" daemon [_thread_blocked, id=553, stack(0x00007f8ce10fe000,0x00007f8ce11fe000)]
  0x00007f8cdc0ae020 JavaThread "Signal Dispatcher" daemon [_thread_blocked, id=554, stack(0x00007f8ce0d18000,0x00007f8ce0e18000)]
  0x00007f8cdc0af3d0 JavaThread "Service Thread" daemon [_thread_blocked, id=555, stack(0x00007f8ce0c18000,0x00007f8ce0d18000)]
  0x00007f8cdc0b07c0 JavaThread "Monitor Deflation Thread" daemon [_thread_blocked, id=556, stack(0x00007f8ce0b18000,0x00007f8ce0c18000)]
=>0x00007f8cdc0b21b0 JavaThread "JVMCI-native CompilerThread0" daemon [_thread_in_vm, id=557, stack(0x00007f8ce0918000,0x00007f8ce0b18000)]
  0x00007f8cdc0b36c0 JavaThread "C1 CompilerThread0" daemon [_thread_blocked, id=558, stack(0x00007f8ce0718000,0x00007f8ce0918000)]
  0x00007f8cdc0b4b10 JavaThread "Sweeper thread" daemon [_thread_blocked, id=559, stack(0x00007f8ce0618000,0x00007f8ce0718000)]
  0x00007f8cdc0dfa50 JavaThread "Common-Cleaner" daemon [_thread_blocked, id=560, stack(0x00007f8ce0518000,0x00007f8ce0618000)]
  0x00007f8cdc1271b0 JavaThread "Notification Thread" daemon [_thread_blocked, id=562, stack(0x00007f8ce0418000,0x00007f8ce0518000)]
  0x00007f8cdc2cbec0 JavaThread "Active Thread: Equinox Container: ec64bd96-995d-4289-bd9a-ea28c467cd2e" [_thread_blocked, id=581, stack(0x00007f8cc33b3000,0x00007f8cc34b3000)]
  0x00007f8cdc313c70 JavaThread "Framework Event Dispatcher: Equinox Container: ec64bd96-995d-4289-bd9a-ea28c467cd2e" daemon [_thread_blocked, id=582, stack(0x00007f8cc0f00000,0x00007f8cc1000000)]
  0x00007f8cdc316d20 JavaThread "Start Level: Equinox Container: ec64bd96-995d-4289-bd9a-ea28c467cd2e" daemon [_thread_blocked, id=583, stack(0x00007f8cc0d00000,0x00007f8cc0e00000)]
  0x00007f8c74032e40 JavaThread "SCR Component Actor" daemon [_thread_blocked, id=584, stack(0x00007f8cc0b00000,0x00007f8cc0c00000)]
  0x00007f8c74412e70 JavaThread "Worker-JM" [_thread_blocked, id=594, stack(0x00007f8cc0700000,0x00007f8cc0800000)]
  0x00007f8c744a49b0 JavaThread "Worker-0" [_thread_blocked, id=595, stack(0x00007f8cc0500000,0x00007f8cc0600000)]
  0x00007f8c600080e0 JavaThread "Worker-2" [_thread_blocked, id=597, stack(0x00007f8cc0100000,0x00007f8cc0200000)]
  0x00007f8c74647150 JavaThread "Java indexing" daemon [_thread_blocked, id=619, stack(0x00007f8c8ad00000,0x00007f8c8ae00000)]
  0x00007f8c7470f860 JavaThread "Bundle File Closer" daemon [_thread_blocked, id=624, stack(0x00007f8cc0c00000,0x00007f8cc0d00000)]
  0x00007f8cdc3621b0 JavaThread "pool-3-thread-1" [_thread_blocked, id=635, stack(0x00007f8c8ab00000,0x00007f8c8ac00000)]
  0x00007f8cdc3f7400 JavaThread "pool-2-thread-1" [_thread_in_native, id=636, stack(0x00007f8c8a900000,0x00007f8c8aa00000)]
  0x00007f8c6c001570 JavaThread "Worker-4: Java indexing... " [_thread_blocked, id=638, stack(0x00007f8c8a700000,0x00007f8c8a800000)]
  0x00007f8c481a21e0 JavaThread "Thread-5" [_thread_blocked, id=690, stack(0x00007f8c89f00000,0x00007f8c8a000000)]
  0x00007f8c481a7810 JavaThread "Thread-60" [_thread_blocked, id=827, stack(0x00007f8c88500000,0x00007f8c88600000)]

Other Threads:
  0x00007f8cdc0a1bf0 VMThread "VM Thread" [stack: 0x00007f8ce1300000,0x00007f8ce1400000] [id=551] _threads_hazard_ptr=0x00007f8c6c096a30
  0x00007f8cdc128b50 WatcherThread [stack: 0x00007f8ce0318000,0x00007f8ce0418000] [id=563]
  0x00007f8cdc03df10 GCTaskThread "GC Thread#0" [stack: 0x00007f8ce35fd000,0x00007f8ce36fd000] [id=550]

Threads with active compile tasks:
JVMCI-native CompilerThread0   279357 9817       4       java.util.AbstractCollection::isEmpty (13 bytes)

VM state: synchronizing (normal execution)

VM Mutex/Monitor currently owned by a thread:  ([mutex/lock_event])
[0x00007f8cdc023820] Threads_lock - owner thread: 0x00007f8cdc0a1bf0
[0x00007f8cdc023fd0] Heap_lock - owner thread: 0x00007f8c74647150

OutOfMemory and StackOverflow Exception counts:
OutOfMemoryError java_heap_errors=4
LinkageErrors=48

Heap address: 0x00000000e0000000, size: 512 MB, Compressed Oops mode: 32-bit

CDS archive(s) mapped at: [0x0000000800000000-0x0000000800bc8000-0x0000000800bc8000), size 12353536, SharedBaseAddress: 0x0000000800000000, ArchiveRelocationMode: 0.
Compressed class space mapped at: 0x0000000800c00000-0x0000000840c00000, reserved size: 1073741824
Narrow klass base: 0x0000000800000000, Narrow klass shift: 0, Narrow klass range: 0x100000000

GC Precious Log:
 CPUs: 8 total, 1 available
 Memory: 1024M
 Large Page Support: Disabled
 NUMA Support: Disabled
 Compressed Oops: Enabled (32-bit)
 Alignments: Space 512K, Generation 512K, Heap 2M
 Heap Min Capacity: 100M
 Heap Initial Capacity: 100M
 Heap Max Capacity: 512M
 Pre-touch: Disabled
 Parallel Workers: 1

Heap:
 PSYoungGen      total 77312K, used 47104K [0x00000000f5580000, 0x00000000fc000000, 0x0000000100000000)
  eden space 47104K, 100% used [0x00000000f5580000,0x00000000f8380000,0x00000000f8380000)
  from space 30208K, 0% used [0x00000000f8380000,0x00000000f8380000,0x00000000fa100000)
  to   space 30208K, 0% used [0x00000000fa100000,0x00000000fa100000,0x00000000fbe80000)
 ParOldGen       total 349696K, used 349694K [0x00000000e0000000, 0x00000000f5580000, 0x00000000f5580000)
  object space 349696K, 99% used [0x00000000e0000000,0x00000000f557fb20,0x00000000f5580000)
 Metaspace       used 55528K, committed 56512K, reserved 1105920K
  class space    used 5358K, committed 5760K, reserved 1048576K

Card table byte_map: [0x00007f8ce36fd000,0x00007f8ce37fe000] _byte_map_base: 0x00007f8ce2ffd000

Marking Bits: (ParMarkBitMap*) 0x00007f8ce4e4d4c0
 Begin Bits: [0x00007f8ce2550000, 0x00007f8ce2d50000)
 End Bits:   [0x00007f8ce2d50000, 0x00007f8ce3550000)

Polling page: 0x00007f8ce3a17000

Metaspace:

Usage:
  Non-class:     48.99 MB used.
      Class:      5.23 MB used.
       Both:     54.23 MB used.

Virtual space:
  Non-class space:       56.00 MB reserved,      49.56 MB ( 89%) committed,  7 nodes.
      Class space:        1.00 GB reserved,       5.62 MB ( <1%) committed,  1 nodes.
             Both:        1.05 GB reserved,      55.19 MB (  5%) committed. 

Chunk freelists:
   Non-Class:  2.27 MB
       Class:  2.42 MB
        Both:  4.69 MB

MaxMetaspaceSize: unlimited
CompressedClassSpaceSize: 1.00 GB
Initial GC threshold: 21.00 MB
Current GC threshold: 91.81 MB
CDS: on
MetaspaceReclaimPolicy: balanced
 - commit_granule_bytes: 65536.
 - commit_granule_words: 8192.
 - virtual_space_node_default_size: 1048576.
 - enlarge_chunks_in_place: 1.
 - new_chunks_are_fully_committed: 0.
 - uncommit_free_chunks: 1.
 - use_allocation_guard: 0.
 - handle_deallocations: 1.


Internal statistics:

num_allocs_failed_limit: 6.
num_arena_births: 374.
num_arena_deaths: 60.
num_vsnodes_births: 8.
num_vsnodes_deaths: 0.
num_space_committed: 880.
num_space_uncommitted: 0.
num_chunks_returned_to_freelist: 81.
num_chunks_taken_from_freelist: 2708.
num_chunk_merges: 30.
num_chunk_splits: 1740.
num_chunks_enlarged: 1084.
num_purges: 6.
num_inconsistent_stats: 0.

CodeHeap 'non-profiled nmethods': size=120036Kb used=2615Kb max_used=2615Kb free=117420Kb
 bounds [0x00007f8ccaf7a000, 0x00007f8ccb20a000, 0x00007f8cd24b3000]
CodeHeap 'profiled nmethods': size=120032Kb used=14613Kb max_used=15883Kb free=105418Kb
 bounds [0x00007f8cc3a42000, 0x00007f8cc49e2000, 0x00007f8ccaf7a000]
CodeHeap 'non-nmethods': size=5692Kb used=1342Kb max_used=1362Kb free=4349Kb
 bounds [0x00007f8cc34b3000, 0x00007f8cc3723000, 0x00007f8cc3a42000]
 total_blobs=7292 nmethods=6619 adapters=582
 compilation: enabled
              stopped_count=0, restarted_count=0
 full_count=0

JVMCI Events (20 events):
Event: 127.325 Thread 0x00007f8cdc0b21b0 destroyed JavaVM[2]@0x00007f8c3df9e340 for JVMCI runtime 0
Event: 127.325 Thread 0x00007f8cdc0b21b0 compacted oop handles in JVMCI runtime 0 from 98 to 98
Event: 127.325 Thread 0x00007f8cdc0b21b0 releasing handles for JVMCI runtime 0: oop handles=98, metadata handles={total=187, live=160, blocks=38}
Event: 127.325 Thread 0x00007f8cdc0b21b0 detached from JVMCI runtime 0
Event: 214.942 Thread 0x00007f8cdc0b21b0 attached to JVMCI runtime 0
Event: 214.944 Thread 0x00007f8cdc0b21b0 created JavaVM[3]@0x00007f8c3df9e340 for JVMCI runtime 0
Event: 216.264 Thread 0x00007f8cdc0b21b0 initializing JVMCI runtime 0
Event: 216.264 Thread 0x00007f8cdc0b21b0 done waiting for JavaVM references initialization in JVMCI runtime 0
Event: 227.353 Thread 0x00007f8cdc0b21b0 initialized JVMCI runtime 0
Event: 240.453 Thread 0x00007f8cdc0b21b0 detaching from JVMCI runtime 0: releasing idle compiler thread (0 other threads still attached)
Event: 240.453 Thread 0x00007f8cdc0b21b0 shutting down HotSpotJVMCIRuntime for JVMCI runtime 0
Event: 240.455 Thread 0x00007f8cdc0b21b0 shut down JVMCI runtime 0
Event: 240.457 Thread 0x00007f8cdc0b21b0 destroyed JavaVM[3]@0x00007f8c3df9e340 for JVMCI runtime 0
Event: 240.457 Thread 0x00007f8cdc0b21b0 compacted oop handles in JVMCI runtime 0 from 48 to 48
Event: 240.457 Thread 0x00007f8cdc0b21b0 releasing handles for JVMCI runtime 0: oop handles=48, metadata handles={total=97, live=97, blocks=38}
Event: 240.457 Thread 0x00007f8cdc0b21b0 detached from JVMCI runtime 0
Event: 254.547 Thread 0x00007f8cdc0b21b0 attached to JVMCI runtime 0
Event: 254.548 Thread 0x00007f8cdc0b21b0 created JavaVM[4]@0x00007f8c3df9e340 for JVMCI runtime 0
Event: 257.343 Thread 0x00007f8cdc0b21b0 initializing JVMCI runtime 0
Event: 257.343 Thread 0x00007f8cdc0b21b0 done waiting for JavaVM references initialization in JVMCI runtime 0

Compilation events (20 events):
Event: 106.543 Thread 0x00007f8cdc0b36c0 9808       3       jdk.internal.misc.Unsafe::putReferenceOpaque (9 bytes)
Event: 106.543 Thread 0x00007f8cdc0b36c0 nmethod 9808 0x00007f8cc47a7390 code [0x00007f8cc47a7520, 0x00007f8cc47a7650]
Event: 121.273 Thread 0x00007f8cdc0b21b0 nmethod 9803 0x00007f8ccb206490 code [0x00007f8ccb2066a0, 0x00007f8ccb206c90]
Event: 130.240 Thread 0x00007f8cdc0b36c0 9809       3       java.util.concurrent.locks.LockSupport::setBlocker (12 bytes)
Event: 130.241 Thread 0x00007f8cdc0b36c0 nmethod 9809 0x00007f8cc47a7010 code [0x00007f8cc47a71c0, 0x00007f8cc47a72e0]
Event: 214.942 Thread 0x00007f8cdc0b36c0 9810  s    3       org.eclipse.jdt.internal.core.search.processing.JobManager::awaitingJobsCount (21 bytes)
Event: 214.942 Thread 0x00007f8cdc0b21b0 9811       4       java.lang.AbstractStringBuilder::appendChars (207 bytes)
Event: 214.943 Thread 0x00007f8cdc0b36c0 nmethod 9810 0x00007f8cc47df010 code [0x00007f8cc47df1c0, 0x00007f8cc47df5e0]
Event: 217.775 Thread 0x00007f8cdc0b36c0 9812       3       java.util.Collections$UnmodifiableMap$UnmodifiableEntrySet$UnmodifiableEntry::getKey (10 bytes)
Event: 217.775 Thread 0x00007f8cdc0b36c0 nmethod 9812 0x00007f8cc47dea90 code [0x00007f8cc47dec40, 0x00007f8cc47def60]
Event: 217.775 Thread 0x00007f8cdc0b36c0 9813       3       java.util.Collections$UnmodifiableMap$UnmodifiableEntrySet$UnmodifiableEntry::getValue (10 bytes)
Event: 219.252 Thread 0x00007f8cdc0b36c0 nmethod 9813 0x00007f8cc4324b90 code [0x00007f8cc4324d40, 0x00007f8cc4325060]
Event: 221.947 Thread 0x00007f8cdc0b36c0 9814       3       java.io.DataOutputStream::writeUTF (7 bytes)
Event: 224.716 Thread 0x00007f8cdc0b36c0 nmethod 9814 0x00007f8cc47de710 code [0x00007f8cc47de8c0, 0x00007f8cc47dea00]
Event: 224.716 Thread 0x00007f8cdc0b36c0 9815       3       org.eclipse.jdt.internal.core.util.Messages::bind (6 bytes)
Event: 226.038 Thread 0x00007f8cdc0b36c0 nmethod 9815 0x00007f8cc4324690 code [0x00007f8cc4324840, 0x00007f8cc4324a50]
Event: 230.145 Thread 0x00007f8cdc0b36c0 9816       3       java.util.concurrent.locks.AbstractQueuedSynchronizer::acquire (20 bytes)
Event: 230.145 Thread 0x00007f8cdc0b36c0 nmethod 9816 0x00007f8cc44f9a10 code [0x00007f8cc44f9bc0, 0x00007f8cc44f9f90]
Event: 239.036 Thread 0x00007f8cdc0b21b0 nmethod 9811 0x00007f8ccb207210 code [0x00007f8ccb2073c0, 0x00007f8ccb207970]
Event: 254.547 Thread 0x00007f8cdc0b21b0 9817       4       java.util.AbstractCollection::isEmpty (13 bytes)

GC Heap History (20 events):
Event: 263.820 GC heap before
{Heap before GC invocations=213 (full 134):
 PSYoungGen      total 77312K, used 47104K [0x00000000f5580000, 0x00000000fc000000, 0x0000000100000000)
  eden space 47104K, 100% used [0x00000000f5580000,0x00000000f8380000,0x00000000f8380000)
  from space 30208K, 0% used [0x00000000f8380000,0x00000000f8380000,0x00000000fa100000)
  to   space 30208K, 0% used [0x00000000fa100000,0x00000000fa100000,0x00000000fbe80000)
 ParOldGen       total 349696K, used 349695K [0x00000000e0000000, 0x00000000f5580000, 0x00000000f5580000)
  object space 349696K, 99% used [0x00000000e0000000,0x00000000f557fff8,0x00000000f5580000)
 Metaspace       used 55528K, committed 56512K, reserved 1105920K
  class space    used 5358K, committed 5760K, reserved 1048576K
}
Event: 265.680 GC heap after
{Heap after GC invocations=213 (full 134):
 PSYoungGen      total 77312K, used 47103K [0x00000000f5580000, 0x00000000fc000000, 0x0000000100000000)
  eden space 47104K, 99% used [0x00000000f5580000,0x00000000f837ff88,0x00000000f8380000)
  from space 30208K, 0% used [0x00000000fa100000,0x00000000fa100000,0x00000000fbe80000)
  to   space 30208K, 0% used [0x00000000f8380000,0x00000000f8380000,0x00000000fa100000)
 ParOldGen       total 349696K, used 349695K [0x00000000e0000000, 0x00000000f5580000, 0x00000000f5580000)
  object space 349696K, 99% used [0x00000000e0000000,0x00000000f557fff8,0x00000000f5580000)
 Metaspace       used 55528K, committed 56512K, reserved 1105920K
  class space    used 5358K, committed 5760K, reserved 1048576K
}
Event: 265.680 GC heap before
{Heap before GC invocations=214 (full 135):
 PSYoungGen      total 77312K, used 47104K [0x00000000f5580000, 0x00000000fc000000, 0x0000000100000000)
  eden space 47104K, 100% used [0x00000000f5580000,0x00000000f8380000,0x00000000f8380000)
  from space 30208K, 0% used [0x00000000fa100000,0x00000000fa100000,0x00000000fbe80000)
  to   space 30208K, 0% used [0x00000000f8380000,0x00000000f8380000,0x00000000fa100000)
 ParOldGen       total 349696K, used 349695K [0x00000000e0000000, 0x00000000f5580000, 0x00000000f5580000)
  object space 349696K, 99% used [0x00000000e0000000,0x00000000f557fff8,0x00000000f5580000)
 Metaspace       used 55528K, committed 56512K, reserved 1105920K
  class space    used 5358K, committed 5760K, reserved 1048576K
}
Event: 267.231 GC heap after
{Heap after GC invocations=214 (full 135):
 PSYoungGen      total 77312K, used 47104K [0x00000000f5580000, 0x00000000fc000000, 0x0000000100000000)
  eden space 47104K, 100% used [0x00000000f5580000,0x00000000f8380000,0x00000000f8380000)
  from space 30208K, 0% used [0x00000000f8380000,0x00000000f8380000,0x00000000fa100000)
  to   space 30208K, 0% used [0x00000000fa100000,0x00000000fa100000,0x00000000fbe80000)
 ParOldGen       total 349696K, used 349695K [0x00000000e0000000, 0x00000000f5580000, 0x00000000f5580000)
  object space 349696K, 99% used [0x00000000e0000000,0x00000000f557fff8,0x00000000f5580000)
 Metaspace       used 55528K, committed 56512K, reserved 1105920K
  class space    used 5358K, committed 5760K, reserved 1048576K
}
Event: 267.231 GC heap before
{Heap before GC invocations=215 (full 136):
 PSYoungGen      total 77312K, used 47104K [0x00000000f5580000, 0x00000000fc000000, 0x0000000100000000)
  eden space 47104K, 100% used [0x00000000f5580000,0x00000000f8380000,0x00000000f8380000)
  from space 30208K, 0% used [0x00000000f8380000,0x00000000f8380000,0x00000000fa100000)
  to   space 30208K, 0% used [0x00000000fa100000,0x00000000fa100000,0x00000000fbe80000)
 ParOldGen       total 349696K, used 349695K [0x00000000e0000000, 0x00000000f5580000, 0x00000000f5580000)
  object space 349696K, 99% used [0x00000000e0000000,0x00000000f557fff8,0x00000000f5580000)
 Metaspace       used 55528K, committed 56512K, reserved 1105920K
  class space    used 5358K, committed 5760K, reserved 1048576K
}
Event: 268.834 GC heap after
{Heap after GC invocations=215 (full 136):
 PSYoungGen      total 77312K, used 47104K [0x00000000f5580000, 0x00000000fc000000, 0x0000000100000000)
  eden space 47104K, 100% used [0x00000000f5580000,0x00000000f8380000,0x00000000f8380000)
  from space 30208K, 0% used [0x00000000fa100000,0x00000000fa100000,0x00000000fbe80000)
  to   space 30208K, 0% used [0x00000000f8380000,0x00000000f8380000,0x00000000fa100000)
 ParOldGen       total 349696K, used 349695K [0x00000000e0000000, 0x00000000f5580000, 0x00000000f5580000)
  object space 349696K, 99% used [0x00000000e0000000,0x00000000f557fff8,0x00000000f5580000)
 Metaspace       used 55528K, committed 56512K, reserved 1105920K
  class space    used 5358K, committed 5760K, reserved 1048576K
}
Event: 268.834 GC heap before
{Heap before GC invocations=216 (full 137):
 PSYoungGen      total 77312K, used 47104K [0x00000000f5580000, 0x00000000fc000000, 0x0000000100000000)
  eden space 47104K, 100% used [0x00000000f5580000,0x00000000f8380000,0x00000000f8380000)
  from space 30208K, 0% used [0x00000000fa100000,0x00000000fa100000,0x00000000fbe80000)
  to   space 30208K, 0% used [0x00000000f8380000,0x00000000f8380000,0x00000000fa100000)
 ParOldGen       total 349696K, used 349695K [0x00000000e0000000, 0x00000000f5580000, 0x00000000f5580000)
  object space 349696K, 99% used [0x00000000e0000000,0x00000000f557fff8,0x00000000f5580000)
 Metaspace       used 55528K, committed 56512K, reserved 1105920K
  class space    used 5358K, committed 5760K, reserved 1048576K
}
Event: 270.370 GC heap after
{Heap after GC invocations=216 (full 137):
 PSYoungGen      total 77312K, used 47104K [0x00000000f5580000, 0x00000000fc000000, 0x0000000100000000)
  eden space 47104K, 100% used [0x00000000f5580000,0x00000000f8380000,0x00000000f8380000)
  from space 30208K, 0% used [0x00000000f8380000,0x00000000f8380000,0x00000000fa100000)
  to   space 30208K, 0% used [0x00000000fa100000,0x00000000fa100000,0x00000000fbe80000)
 ParOldGen       total 349696K, used 349695K [0x00000000e0000000, 0x00000000f5580000, 0x00000000f5580000)
  object space 349696K, 99% used [0x00000000e0000000,0x00000000f557ffd8,0x00000000f5580000)
 Metaspace       used 55528K, committed 56512K, reserved 1105920K
  class space    used 5358K, committed 5760K, reserved 1048576K
}
Event: 270.370 GC heap before
{Heap before GC invocations=217 (full 138):
 PSYoungGen      total 77312K, used 47104K [0x00000000f5580000, 0x00000000fc000000, 0x0000000100000000)
  eden space 47104K, 100% used [0x00000000f5580000,0x00000000f8380000,0x00000000f8380000)
  from space 30208K, 0% used [0x00000000f8380000,0x00000000f8380000,0x00000000fa100000)
  to   space 30208K, 0% used [0x00000000fa100000,0x00000000fa100000,0x00000000fbe80000)
 ParOldGen       total 349696K, used 349695K [0x00000000e0000000, 0x00000000f5580000, 0x00000000f5580000)
  object space 349696K, 99% used [0x00000000e0000000,0x00000000f557ffd8,0x00000000f5580000)
 Metaspace       used 55528K, committed 56512K, reserved 1105920K
  class space    used 5358K, committed 5760K, reserved 1048576K
}
Event: 271.818 GC heap after
{Heap after GC invocations=217 (full 138):
 PSYoungGen      total 77312K, used 47104K [0x00000000f5580000, 0x00000000fc000000, 0x0000000100000000)
  eden space 47104K, 100% used [0x00000000f5580000,0x00000000f8380000,0x00000000f8380000)
  from space 30208K, 0% used [0x00000000fa100000,0x00000000fa100000,0x00000000fbe80000)
  to   space 30208K, 0% used [0x00000000f8380000,0x00000000f8380000,0x00000000fa100000)
 ParOldGen       total 349696K, used 349695K [0x00000000e0000000, 0x00000000f5580000, 0x00000000f5580000)
  object space 349696K, 99% used [0x00000000e0000000,0x00000000f557ffd8,0x00000000f5580000)
 Metaspace       used 55528K, committed 56512K, reserved 1105920K
  class space    used 5358K, committed 5760K, reserved 1048576K
}
Event: 271.820 GC heap before
{Heap before GC invocations=218 (full 139):
 PSYoungGen      total 77312K, used 47104K [0x00000000f5580000, 0x00000000fc000000, 0x0000000100000000)
  eden space 47104K, 100% used [0x00000000f5580000,0x00000000f8380000,0x00000000f8380000)
  from space 30208K, 0% used [0x00000000fa100000,0x00000000fa100000,0x00000000fbe80000)
  to   space 30208K, 0% used [0x00000000f8380000,0x00000000f8380000,0x00000000fa100000)
 ParOldGen       total 349696K, used 349695K [0x00000000e0000000, 0x00000000f5580000, 0x00000000f5580000)
  object space 349696K, 99% used [0x00000000e0000000,0x00000000f557fff8,0x00000000f5580000)
 Metaspace       used 55528K, committed 56512K, reserved 1105920K
  class space    used 5358K, committed 5760K, reserved 1048576K
}
Event: 273.425 GC heap after
{Heap after GC invocations=218 (full 139):
 PSYoungGen      total 77312K, used 47104K [0x00000000f5580000, 0x00000000fc000000, 0x0000000100000000)
  eden space 47104K, 100% used [0x00000000f5580000,0x00000000f8380000,0x00000000f8380000)
  from space 30208K, 0% used [0x00000000f8380000,0x00000000f8380000,0x00000000fa100000)
  to   space 30208K, 0% used [0x00000000fa100000,0x00000000fa100000,0x00000000fbe80000)
 ParOldGen       total 349696K, used 349693K [0x00000000e0000000, 0x00000000f5580000, 0x00000000f5580000)
  object space 349696K, 99% used [0x00000000e0000000,0x00000000f557f498,0x00000000f5580000)
 Metaspace       used 55528K, committed 56512K, reserved 1105920K
  class space    used 5358K, committed 5760K, reserved 1048576K
}
Event: 273.425 GC heap before
{Heap before GC invocations=219 (full 140):
 PSYoungGen      total 77312K, used 47104K [0x00000000f5580000, 0x00000000fc000000, 0x0000000100000000)
  eden space 47104K, 100% used [0x00000000f5580000,0x00000000f8380000,0x00000000f8380000)
  from space 30208K, 0% used [0x00000000f8380000,0x00000000f8380000,0x00000000fa100000)
  to   space 30208K, 0% used [0x00000000fa100000,0x00000000fa100000,0x00000000fbe80000)
 ParOldGen       total 349696K, used 349693K [0x00000000e0000000, 0x00000000f5580000, 0x00000000f5580000)
  object space 349696K, 99% used [0x00000000e0000000,0x00000000f557f600,0x00000000f5580000)
 Metaspace       used 55528K, committed 56512K, reserved 1105920K
  class space    used 5358K, committed 5760K, reserved 1048576K
}
Event: 274.892 GC heap after
{Heap after GC invocations=219 (full 140):
 PSYoungGen      total 77312K, used 47104K [0x00000000f5580000, 0x00000000fc000000, 0x0000000100000000)
  eden space 47104K, 100% used [0x00000000f5580000,0x00000000f8380000,0x00000000f8380000)
  from space 30208K, 0% used [0x00000000fa100000,0x00000000fa100000,0x00000000fbe80000)
  to   space 30208K, 0% used [0x00000000f8380000,0x00000000f8380000,0x00000000fa100000)
 ParOldGen       total 349696K, used 349693K [0x00000000e0000000, 0x00000000f5580000, 0x00000000f5580000)
  object space 349696K, 99% used [0x00000000e0000000,0x00000000f557f4b0,0x00000000f5580000)
 Metaspace       used 55528K, committed 56512K, reserved 1105920K
  class space    used 5358K, committed 5760K, reserved 1048576K
}
Event: 274.892 GC heap before
{Heap before GC invocations=220 (full 141):
 PSYoungGen      total 77312K, used 47104K [0x00000000f5580000, 0x00000000fc000000, 0x0000000100000000)
  eden space 47104K, 100% used [0x00000000f5580000,0x00000000f8380000,0x00000000f8380000)
  from space 30208K, 0% used [0x00000000fa100000,0x00000000fa100000,0x00000000fbe80000)
  to   space 30208K, 0% used [0x00000000f8380000,0x00000000f8380000,0x00000000fa100000)
 ParOldGen       total 349696K, used 349693K [0x00000000e0000000, 0x00000000f5580000, 0x00000000f5580000)
  object space 349696K, 99% used [0x00000000e0000000,0x00000000f557f4b0,0x00000000f5580000)
 Metaspace       used 55528K, committed 56512K, reserved 1105920K
  class space    used 5358K, committed 5760K, reserved 1048576K
}
Event: 276.423 GC heap after
{Heap after GC invocations=220 (full 141):
 PSYoungGen      total 77312K, used 47104K [0x00000000f5580000, 0x00000000fc000000, 0x0000000100000000)
  eden space 47104K, 100% used [0x00000000f5580000,0x00000000f8380000,0x00000000f8380000)
  from space 30208K, 0% used [0x00000000f8380000,0x00000000f8380000,0x00000000fa100000)
  to   space 30208K, 0% used [0x00000000fa100000,0x00000000fa100000,0x00000000fbe80000)
 ParOldGen       total 349696K, used 349693K [0x00000000e0000000, 0x00000000f5580000, 0x00000000f5580000)
  object space 349696K, 99% used [0x00000000e0000000,0x00000000f557f4b0,0x00000000f5580000)
 Metaspace       used 55528K, committed 56512K, reserved 1105920K
  class space    used 5358K, committed 5760K, reserved 1048576K
}
Event: 276.423 GC heap before
{Heap before GC invocations=221 (full 142):
 PSYoungGen      total 77312K, used 47104K [0x00000000f5580000, 0x00000000fc000000, 0x0000000100000000)
  eden space 47104K, 100% used [0x00000000f5580000,0x00000000f8380000,0x00000000f8380000)
  from space 30208K, 0% used [0x00000000f8380000,0x00000000f8380000,0x00000000fa100000)
  to   space 30208K, 0% used [0x00000000fa100000,0x00000000fa100000,0x00000000fbe80000)
 ParOldGen       total 349696K, used 349693K [0x00000000e0000000, 0x00000000f5580000, 0x00000000f5580000)
  object space 349696K, 99% used [0x00000000e0000000,0x00000000f557f4b0,0x00000000f5580000)
 Metaspace       used 55528K, committed 56512K, reserved 1105920K
  class space    used 5358K, committed 5760K, reserved 1048576K
}
Event: 277.877 GC heap after
{Heap after GC invocations=221 (full 142):
 PSYoungGen      total 77312K, used 47104K [0x00000000f5580000, 0x00000000fc000000, 0x0000000100000000)
  eden space 47104K, 100% used [0x00000000f5580000,0x00000000f8380000,0x00000000f8380000)
  from space 30208K, 0% used [0x00000000fa100000,0x00000000fa100000,0x00000000fbe80000)
  to   space 30208K, 0% used [0x00000000f8380000,0x00000000f8380000,0x00000000fa100000)
 ParOldGen       total 349696K, used 349693K [0x00000000e0000000, 0x00000000f5580000, 0x00000000f5580000)
  object space 349696K, 99% used [0x00000000e0000000,0x00000000f557f4b0,0x00000000f5580000)
 Metaspace       used 55528K, committed 56512K, reserved 1105920K
  class space    used 5358K, committed 5760K, reserved 1048576K
}
Event: 277.877 GC heap before
{Heap before GC invocations=222 (full 143):
 PSYoungGen      total 77312K, used 47104K [0x00000000f5580000, 0x00000000fc000000, 0x0000000100000000)
  eden space 47104K, 100% used [0x00000000f5580000,0x00000000f8380000,0x00000000f8380000)
  from space 30208K, 0% used [0x00000000fa100000,0x00000000fa100000,0x00000000fbe80000)
  to   space 30208K, 0% used [0x00000000f8380000,0x00000000f8380000,0x00000000fa100000)
 ParOldGen       total 349696K, used 349693K [0x00000000e0000000, 0x00000000f5580000, 0x00000000f5580000)
  object space 349696K, 99% used [0x00000000e0000000,0x00000000f557f4b0,0x00000000f5580000)
 Metaspace       used 55528K, committed 56512K, reserved 1105920K
  class space    used 5358K, committed 5760K, reserved 1048576K
}
Event: 279.262 GC heap after
{Heap after GC invocations=222 (full 143):
 PSYoungGen      total 77312K, used 47104K [0x00000000f5580000, 0x00000000fc000000, 0x0000000100000000)
  eden space 47104K, 100% used [0x00000000f5580000,0x00000000f8380000,0x00000000f8380000)
  from space 30208K, 0% used [0x00000000f8380000,0x00000000f8380000,0x00000000fa100000)
  to   space 30208K, 0% used [0x00000000fa100000,0x00000000fa100000,0x00000000fbe80000)
 ParOldGen       total 349696K, used 349693K [0x00000000e0000000, 0x00000000f5580000, 0x00000000f5580000)
  object space 349696K, 99% used [0x00000000e0000000,0x00000000f557f4b0,0x00000000f5580000)
 Metaspace       used 55528K, committed 56512K, reserved 1105920K
  class space    used 5358K, committed 5760K, reserved 1048576K
}

Dll operation events (8 events):
Event: 0.002 Loaded shared library /nix/store/gpxl5qgg8kicmcvivwmybwjlpf7wh20l-graalvm17-ce-22.3.0/lib/libjava.so
Event: 0.016 Loaded shared library /nix/store/gpxl5qgg8kicmcvivwmybwjlpf7wh20l-graalvm17-ce-22.3.0/lib/libjsvml.so
Event: 0.219 Loaded shared library /nix/store/gpxl5qgg8kicmcvivwmybwjlpf7wh20l-graalvm17-ce-22.3.0/lib/libjvmcicompiler.so
Event: 0.237 Loaded shared library /nix/store/gpxl5qgg8kicmcvivwmybwjlpf7wh20l-graalvm17-ce-22.3.0/lib/libnio.so
Event: 0.245 Loaded shared library /nix/store/gpxl5qgg8kicmcvivwmybwjlpf7wh20l-graalvm17-ce-22.3.0/lib/libzip.so
Event: 0.671 Loaded shared library /nix/store/gpxl5qgg8kicmcvivwmybwjlpf7wh20l-graalvm17-ce-22.3.0/lib/libjimage.so
Event: 2.538 Loaded shared library /nix/store/gpxl5qgg8kicmcvivwmybwjlpf7wh20l-graalvm17-ce-22.3.0/lib/libnet.so
Event: 3.827 Loaded shared library /home/runner/.cache/jdt-language-server/config/org.eclipse.equinox.launcher/org.eclipse.equinox.launcher.gtk.linux.x86_64_1.2.400.v20211117-0650/eclipse_11600.so

Deoptimization events (20 events):
Event: 77.454 Thread 0x00007f8c74647150 DEOPT PACKING pc=0x00007f8cc44c5885 sp=0x00007f8c8adfe530
Event: 77.454 Thread 0x00007f8c74647150 DEOPT UNPACKING pc=0x00007f8cc3505325 sp=0x00007f8c8adfda20 mode 0
Event: 77.464 Thread 0x00007f8c74647150 DEOPT PACKING pc=0x00007f8cc44c5885 sp=0x00007f8c8adfe530
Event: 77.464 Thread 0x00007f8c74647150 DEOPT UNPACKING pc=0x00007f8cc3505325 sp=0x00007f8c8adfda20 mode 0
Event: 77.515 Thread 0x00007f8c74647150 DEOPT PACKING pc=0x00007f8cc44c5885 sp=0x00007f8c8adfe530
Event: 77.515 Thread 0x00007f8c74647150 DEOPT UNPACKING pc=0x00007f8cc3505325 sp=0x00007f8c8adfda20 mode 0
Event: 78.040 Thread 0x00007f8c74647150 DEOPT PACKING pc=0x00007f8cc3dfdd1b sp=0x00007f8c8adfe4b0
Event: 78.040 Thread 0x00007f8c74647150 DEOPT UNPACKING pc=0x00007f8cc3505325 sp=0x00007f8c8adfd968 mode 0
Event: 271.818 Thread 0x00007f8c74647150 Uncommon trap: trap_request=0xffffff8f fr.pc=0x00007f8ccb0ebb64 relative=0x0000000000001024
Event: 271.818 Thread 0x00007f8c74647150 Uncommon trap: reason=constraint action=none pc=0x00007f8ccb0ebb64 method=org.eclipse.jdt.internal.core.index.DiskIndex.copyQueryResults(Lorg/eclipse/jdt/internal/compiler/util/HashtableOfObject;I)V @ 123 jvmci
Event: 271.818 Thread 0x00007f8c74647150 DEOPT PACKING pc=0x00007f8ccb0ebb64 sp=0x00007f8c8adfe550
Event: 271.820 Thread 0x00007f8c74647150 DEOPT UNPACKING pc=0x00007f8cc3505325 sp=0x00007f8c8adfda28 mode 3
Event: 271.820 Thread 0x00007f8c6c001570 Uncommon trap: trap_request=0xffffff8f fr.pc=0x00007f8ccaf96b91 relative=0x00000000000002f1
Event: 271.820 Thread 0x00007f8c6c001570 Uncommon trap: reason=constraint action=none pc=0x00007f8ccaf96b91 method=java.lang.AbstractStringBuilder.newCapacity(I)I @ 32 jvmci
Event: 271.820 Thread 0x00007f8c6c001570 DEOPT PACKING pc=0x00007f8ccaf96b91 sp=0x00007f8c8a7fe4f0
Event: 271.820 Thread 0x00007f8c6c001570 DEOPT UNPACKING pc=0x00007f8cc3505325 sp=0x00007f8c8a7fd8f0 mode 3
Event: 276.423 Thread 0x00007f8cdc0b21b0 Uncommon trap: trap_request=0xffffff8f fr.pc=0x00007f8ccb03111b relative=0x000000000000017b
Event: 276.423 Thread 0x00007f8cdc0b21b0 Uncommon trap: reason=constraint action=none pc=0x00007f8ccb03111b method=java.io.ByteArrayOutputStream.<init>(I)V @ 0 jvmci
Event: 276.423 Thread 0x00007f8cdc0b21b0 DEOPT PACKING pc=0x00007f8ccb03111b sp=0x00007f8ce0b16020
Event: 276.423 Thread 0x00007f8cdc0b21b0 DEOPT UNPACKING pc=0x00007f8cc3505325 sp=0x00007f8ce0b154c8 mode 3

Classes unloaded (20 events):
Event: 132.628 Thread 0x00007f8cdc0a1bf0 Unloading class 0x0000000800d9cc00 'java/lang/invoke/LambdaForm$MH+0x0000000800d9cc00'
Event: 132.628 Thread 0x00007f8cdc0a1bf0 Unloading class 0x0000000800d9c800 'java/lang/invoke/LambdaForm$MH+0x0000000800d9c800'
Event: 132.628 Thread 0x00007f8cdc0a1bf0 Unloading class 0x0000000800d9c400 'java/lang/invoke/LambdaForm$MH+0x0000000800d9c400'
Event: 132.628 Thread 0x00007f8cdc0a1bf0 Unloading class 0x0000000800d9c000 'jdk/internal/reflect/GeneratedConstructorAccessor3'
Event: 132.628 Thread 0x00007f8cdc0a1bf0 Unloading class 0x0000000800d91400 'java/lang/invoke/LambdaForm$MH+0x0000000800d91400'
Event: 132.628 Thread 0x00007f8cdc0a1bf0 Unloading class 0x0000000800d91000 'java/lang/invoke/LambdaForm$MH+0x0000000800d91000'
Event: 132.628 Thread 0x00007f8cdc0a1bf0 Unloading class 0x0000000800d90c00 'java/lang/invoke/LambdaForm$MH+0x0000000800d90c00'
Event: 132.628 Thread 0x00007f8cdc0a1bf0 Unloading class 0x0000000800d90800 'java/lang/invoke/LambdaForm$MH+0x0000000800d90800'
Event: 132.628 Thread 0x00007f8cdc0a1bf0 Unloading class 0x0000000800d90400 'java/lang/invoke/LambdaForm$MH+0x0000000800d90400'
Event: 132.628 Thread 0x00007f8cdc0a1bf0 Unloading class 0x0000000800d90000 'java/lang/invoke/LambdaForm$MH+0x0000000800d90000'
Event: 132.628 Thread 0x00007f8cdc0a1bf0 Unloading class 0x0000000800cb2800 'java/lang/invoke/LambdaForm$MH+0x0000000800cb2800'
Event: 132.628 Thread 0x00007f8cdc0a1bf0 Unloading class 0x0000000800cb2000 'java/lang/invoke/LambdaForm$MH+0x0000000800cb2000'
Event: 132.628 Thread 0x00007f8cdc0a1bf0 Unloading class 0x0000000800cb1c00 'java/lang/invoke/LambdaForm$MH+0x0000000800cb1c00'
Event: 132.628 Thread 0x00007f8cdc0a1bf0 Unloading class 0x0000000800cb1800 'java/lang/invoke/LambdaForm$MH+0x0000000800cb1800'
Event: 132.628 Thread 0x00007f8cdc0a1bf0 Unloading class 0x0000000800cb1000 'java/lang/invoke/LambdaForm$MH+0x0000000800cb1000'
Event: 132.628 Thread 0x00007f8cdc0a1bf0 Unloading class 0x0000000800cb0c00 'java/lang/invoke/LambdaForm$MH+0x0000000800cb0c00'
Event: 132.628 Thread 0x00007f8cdc0a1bf0 Unloading class 0x0000000800cb0800 'java/lang/invoke/LambdaForm$MH+0x0000000800cb0800'
Event: 132.628 Thread 0x00007f8cdc0a1bf0 Unloading class 0x0000000800cb0000 'java/lang/invoke/LambdaForm$MH+0x0000000800cb0000'
Event: 134.124 Thread 0x00007f8cdc0a1bf0 Unloading class 0x0000000801158400 'jdk/internal/reflect/GeneratedConstructorAccessor30'
Event: 134.124 Thread 0x00007f8cdc0a1bf0 Unloading class 0x0000000801018000 'jdk/internal/reflect/GeneratedConstructorAccessor23'

Classes redefined (0 events):
No events

Internal exceptions (20 events):
Event: 70.317 Thread 0x00007f8c481a6370 Exception <a 'java/lang/ArrayIndexOutOfBoundsException'{0x00000000f75b4000}> (0x00000000f75b4000) 
thrown [src/hotspot/share/runtime/sharedRuntime.cpp, line 628]
Event: 70.737 Thread 0x00007f8c481a6370 Exception <a 'java/lang/ArrayIndexOutOfBoundsException'{0x00000000f669ce18}> (0x00000000f669ce18) 
thrown [src/hotspot/share/runtime/sharedRuntime.cpp, line 628]
Event: 70.740 Thread 0x00007f8c481a6370 Exception <a 'java/lang/ArrayIndexOutOfBoundsException'{0x00000000f66a16f0}> (0x00000000f66a16f0) 
thrown [src/hotspot/share/runtime/sharedRuntime.cpp, line 628]
Event: 70.740 Thread 0x00007f8c481a6370 Exception <a 'java/lang/ArrayIndexOutOfBoundsException'{0x00000000f66a7088}> (0x00000000f66a7088) 
thrown [src/hotspot/share/runtime/sharedRuntime.cpp, line 628]
Event: 74.263 Thread 0x00007f8c481a6370 Exception <a 'java/lang/ArrayIndexOutOfBoundsException'{0x00000000f778f4f8}> (0x00000000f778f4f8) 
thrown [src/hotspot/share/runtime/sharedRuntime.cpp, line 628]
Event: 74.263 Thread 0x00007f8c481a6370 Exception <a 'java/lang/ArrayIndexOutOfBoundsException'{0x00000000f7793dd0}> (0x00000000f7793dd0) 
thrown [src/hotspot/share/runtime/sharedRuntime.cpp, line 628]
Event: 74.263 Thread 0x00007f8c481a6370 Exception <a 'java/lang/ArrayIndexOutOfBoundsException'{0x00000000f77997b0}> (0x00000000f77997b0) 
thrown [src/hotspot/share/runtime/sharedRuntime.cpp, line 628]
Event: 74.531 Thread 0x00007f8c481a6370 Exception <a 'java/lang/ArrayIndexOutOfBoundsException'{0x00000000f7af3d60}> (0x00000000f7af3d60) 
thrown [src/hotspot/share/runtime/sharedRuntime.cpp, line 628]
Event: 74.531 Thread 0x00007f8c481a6370 Exception <a 'java/lang/ArrayIndexOutOfBoundsException'{0x00000000f7af8638}> (0x00000000f7af8638) 
thrown [src/hotspot/share/runtime/sharedRuntime.cpp, line 628]
Event: 74.531 Thread 0x00007f8c481a6370 Exception <a 'java/lang/ArrayIndexOutOfBoundsException'{0x00000000f7afdfd0}> (0x00000000f7afdfd0) 
thrown [src/hotspot/share/runtime/sharedRuntime.cpp, line 628]
Event: 74.834 Thread 0x00007f8c481a6370 Exception <a 'java/lang/ArrayIndexOutOfBoundsException'{0x00000000f7f54500}> (0x00000000f7f54500) 
thrown [src/hotspot/share/runtime/sharedRuntime.cpp, line 628]
Event: 74.834 Thread 0x00007f8c481a6370 Exception <a 'java/lang/ArrayIndexOutOfBoundsException'{0x00000000f7f58dd8}> (0x00000000f7f58dd8) 
thrown [src/hotspot/share/runtime/sharedRuntime.cpp, line 628]
Event: 74.834 Thread 0x00007f8c481a6370 Exception <a 'java/lang/ArrayIndexOutOfBoundsException'{0x00000000f7f5e770}> (0x00000000f7f5e770) 
thrown [src/hotspot/share/runtime/sharedRuntime.cpp, line 628]
Event: 268.834 Thread 0x00007f8c74647150 Exception <a 'java/lang/OutOfMemoryError'{0x00000000e00ce5b8}> (0x00000000e00ce5b8) 
thrown [src/hotspot/share/gc/shared/memAllocator.cpp, line 138]
Event: 271.818 Thread 0x00007f8c74647150 Implicit null exception at 0x00007f8ccb0eb5c1 to 0x00007f8ccb0ebb49
Event: 271.820 Thread 0x00007f8c6c001570 Exception <a 'java/lang/OutOfMemoryError'{0x00000000e00ce5b8}> (0x00000000e00ce5b8) 
thrown [src/hotspot/share/gc/shared/memAllocator.cpp, line 138]
Event: 271.820 Thread 0x00007f8c6c001570 Implicit null exception at 0x00007f8ccaf96ac8 to 0x00007f8ccaf96b76
Event: 276.423 Thread 0x00007f8cdc0b21b0 Exception <a 'java/lang/OutOfMemoryError'{0x00000000e00cda78}> (0x00000000e00cda78) 
thrown [src/hotspot/share/gc/shared/memAllocator.cpp, line 138]
Event: 276.423 Thread 0x00007f8cdc0b21b0 Implicit null exception at 0x00007f8ccb0310d1 to 0x00007f8ccb031100
Event: 279.262 Thread 0x00007f8cdc0b21b0 Exception <a 'java/lang/OutOfMemoryError'{0x00000000e00cdd98}> (0x00000000e00cdd98) 
thrown [src/hotspot/share/gc/shared/memAllocator.cpp, line 136]

VM Operations (20 events):
Event: 258.885 Executing VM operation: ParallelGCFailedAllocation done
Event: 258.885 Executing VM operation: ParallelGCFailedAllocation
Event: 260.439 Executing VM operation: ParallelGCFailedAllocation done
Event: 260.439 Executing VM operation: ParallelGCFailedAllocation
Event: 262.058 Executing VM operation: ParallelGCFailedAllocation done
Event: 262.058 Executing VM operation: ParallelGCFailedAllocation
Event: 263.820 Executing VM operation: ParallelGCFailedAllocation done
Event: 263.820 Executing VM operation: ParallelGCFailedAllocation
Event: 265.680 Executing VM operation: ParallelGCFailedAllocation done
Event: 265.680 Executing VM operation: ParallelGCFailedAllocation
Event: 268.834 Executing VM operation: ParallelGCFailedAllocation done
Event: 268.834 Executing VM operation: ParallelGCFailedAllocation
Event: 271.820 Executing VM operation: ParallelGCFailedAllocation done
Event: 271.820 Executing VM operation: ParallelGCFailedAllocation
Event: 273.425 Executing VM operation: ParallelGCFailedAllocation done
Event: 273.425 Executing VM operation: ParallelGCFailedAllocation
Event: 276.423 Executing VM operation: ParallelGCFailedAllocation done
Event: 276.423 Executing VM operation: ParallelGCFailedAllocation
Event: 279.262 Executing VM operation: ParallelGCFailedAllocation done
Event: 279.262 Executing VM operation: ParallelGCFailedAllocation

Events (20 events):
Event: 69.441 Thread 0x00007f8cdc0b4b10 flushing nmethod 0x00007f8cc48a9c10
Event: 69.441 Thread 0x00007f8cdc0b4b10 flushing nmethod 0x00007f8cc48aee90
Event: 69.441 Thread 0x00007f8cdc0b4b10 flushing nmethod 0x00007f8cc48b1d10
Event: 69.441 Thread 0x00007f8cdc0b4b10 flushing nmethod 0x00007f8cc48b4990
Event: 69.441 Thread 0x00007f8cdc0b4b10 flushing nmethod 0x00007f8cc48b9190
Event: 69.441 Thread 0x00007f8cdc0b4b10 flushing nmethod 0x00007f8cc48b9790
Event: 69.441 Thread 0x00007f8cdc0b4b10 flushing nmethod 0x00007f8cc490a790
Event: 69.441 Thread 0x00007f8cdc0b4b10 flushing nmethod 0x00007f8cc490b490
Event: 69.442 Thread 0x00007f8cdc0b4b10 flushing nmethod 0x00007f8cc494fd10
Event: 69.442 Thread 0x00007f8cdc0b4b10 flushing nmethod 0x00007f8cc4963610
Event: 69.442 Thread 0x00007f8cdc0b4b10 flushing nmethod 0x00007f8cc497a690
Event: 69.844 Thread 0x00007f8c481a6370 Thread added: 0x00007f8c481a6370
Event: 69.844 Protecting memory [0x00007f8c89d00000,0x00007f8c89d04000] with protection modes 0
Event: 72.961 Thread 0x00007f8c481a6370 Thread exited: 0x00007f8c481a6370
Event: 74.129 Thread 0x00007f8c481a6370 Thread added: 0x00007f8c481a6370
Event: 74.129 Protecting memory [0x00007f8c89d00000,0x00007f8c89d04000] with protection modes 0
Event: 76.820 Thread 0x00007f8c481a6370 Thread exited: 0x00007f8c481a6370
Event: 94.241 Thread 0x00007f8c04002050 Thread exited: 0x00007f8c04002050
Event: 97.323 Thread 0x00007f8c600010d0 Thread exited: 0x00007f8c600010d0
Event: 98.848 Thread 0x00007f8c640084f0 Thread exited: 0x00007f8c640084f0


Dynamic libraries:
e0000000-f5580000 rw-p 00000000 00:00 0 
f5580000-fc000000 rw-p 00000000 00:00 0 
fc000000-100000000 ---p 00000000 00:00 0 
800000000-800449000 rw-p 00001000 00:886 4611686019135357769             /nix/store/gpxl5qgg8kicmcvivwmybwjlpf7wh20l-graalvm17-ce-22.3.0/lib/server/classes.jsa
800449000-800bc8000 r--p 0044a000 00:886 4611686019135357769             /nix/store/gpxl5qgg8kicmcvivwmybwjlpf7wh20l-graalvm17-ce-22.3.0/lib/server/classes.jsa
800bc8000-800c00000 ---p 00000000 00:00 0 
800c00000-800c20000 rw-p 00000000 00:00 0 
800c20000-800c40000 rw-p 00000000 00:00 0 
800c40000-800cc0000 rw-p 00000000 00:00 0 
800cc0000-800d00000 rw-p 00000000 00:00 0 
800d00000-800dc0000 rw-p 00000000 00:00 0 
800dc0000-800e00000 rw-p 00000000 00:00 0 
800e00000-8011a0000 rw-p 00000000 00:00 0 
8011a0000-840c00000 ---p 00000000 00:00 0 
559222393000-559222394000 r-xp 00000000 00:886 4611686019099417844       /nix/store/gpxl5qgg8kicmcvivwmybwjlpf7wh20l-graalvm17-ce-22.3.0/bin/.java-wrapped
559222395000-559222396000 r--p 00001000 00:886 4611686019099417844       /nix/store/gpxl5qgg8kicmcvivwmybwjlpf7wh20l-graalvm17-ce-22.3.0/bin/.java-wrapped
559222396000-559222397000 rw-p 00002000 00:886 4611686019099417844       /nix/store/gpxl5qgg8kicmcvivwmybwjlpf7wh20l-graalvm17-ce-22.3.0/bin/.java-wrapped
559222397000-559222398000 rw-p 00004000 00:886 4611686019099417844       /nix/store/gpxl5qgg8kicmcvivwmybwjlpf7wh20l-graalvm17-ce-22.3.0/bin/.java-wrapped
559222398000-559222399000 rw-p 00005000 00:886 4611686019099417844       /nix/store/gpxl5qgg8kicmcvivwmybwjlpf7wh20l-graalvm17-ce-22.3.0/bin/.java-wrapped
5592231d9000-559223221000 rw-p 00000000 00:00 0                          [heap]
7f8bf0000000-7f8bf0021000 rw-p 00000000 00:00 0 
7f8bf0021000-7f8bf4000000 ---p 00000000 00:00 0 
7f8bf6800000-7f8bf69b0000 rw-p 00000000 00:00 0 
7f8bf69b0000-7f8bf69c0000 ---p 00000000 00:00 0 
7f8bf69c0000-7f8bf69e0000 rw-p 00000000 00:00 0 
7f8bf69e0000-7f8bf7000000 ---p 00000000 00:00 0 
7f8bf8000000-7f8bf8042000 rw-p 00000000 00:00 0 
7f8bf8042000-7f8bfc000000 ---p 00000000 00:00 0 
7f8bfc000000-7f8bfc021000 rw-p 00000000 00:00 0 
7f8bfc021000-7f8c00000000 ---p 00000000 00:00 0 
7f8c00000000-7f8c00021000 rw-p 00000000 00:00 0 
7f8c00021000-7f8c04000000 ---p 00000000 00:00 0 
7f8c04000000-7f8c04077000 rw-p 00000000 00:00 0 
7f8c04077000-7f8c08000000 ---p 00000000 00:00 0 
7f8c08000000-7f8c08021000 rw-p 00000000 00:00 0 
7f8c08021000-7f8c0c000000 ---p 00000000 00:00 0 
7f8c0c000000-7f8c0c021000 rw-p 00000000 00:00 0 
7f8c0c021000-7f8c10000000 ---p 00000000 00:00 0 
7f8c10000000-7f8c10021000 rw-p 00000000 00:00 0 
7f8c10021000-7f8c14000000 ---p 00000000 00:00 0 
7f8c14000000-7f8c14034000 rw-p 00000000 00:00 0 
7f8c14034000-7f8c18000000 ---p 00000000 00:00 0 
7f8c18000000-7f8c18021000 rw-p 00000000 00:00 0 
7f8c18021000-7f8c1c000000 ---p 00000000 00:00 0 
7f8c1c000000-7f8c1c021000 rw-p 00000000 00:00 0 
7f8c1c021000-7f8c20000000 ---p 00000000 00:00 0 
7f8c20000000-7f8c20021000 rw-p 00000000 00:00 0 
7f8c20021000-7f8c24000000 ---p 00000000 00:00 0 
7f8c24000000-7f8c24021000 rw-p 00000000 00:00 0 
7f8c24021000-7f8c28000000 ---p 00000000 00:00 0 
7f8c28000000-7f8c280d8000 rw-p 00000000 00:00 0 
7f8c280d8000-7f8c2c000000 ---p 00000000 00:00 0 
7f8c2c000000-7f8c2c021000 rw-p 00000000 00:00 0 
7f8c2c021000-7f8c30000000 ---p 00000000 00:00 0 
7f8c30000000-7f8c30091000 rw-p 00000000 00:00 0 
7f8c30091000-7f8c34000000 ---p 00000000 00:00 0 
7f8c34000000-7f8c3407d000 rw-p 00000000 00:00 0 
7f8c3407d000-7f8c38000000 ---p 00000000 00:00 0 
7f8c38000000-7f8c3802a000 rw-p 00000000 00:00 0 
7f8c3802a000-7f8c3c000000 ---p 00000000 00:00 0 
7f8c3d300000-7f8c3d400000 ---p 00000000 00:00 0 
7f8c3d400000-7f8c3d9af000 r--p 01122000 00:886 4611686019135190040       /nix/store/gpxl5qgg8kicmcvivwmybwjlpf7wh20l-graalvm17-ce-22.3.0/lib/libjvmcicompiler.so
7f8c3d9af000-7f8c3db00000 r--p 00000000 00:00 0 
7f8c3db00000-7f8c3db3d000 rw-p 00000000 00:00 0 
7f8c3db3d000-7f8c3e05d000 rw-p 0185f000 00:886 4611686019135190040       /nix/store/gpxl5qgg8kicmcvivwmybwjlpf7wh20l-graalvm17-ce-22.3.0/lib/libjvmcicompiler.so
7f8c3e05d000-7f8c3e444000 r--p 01d7f000 00:886 4611686019135190040       /nix/store/gpxl5qgg8kicmcvivwmybwjlpf7wh20l-graalvm17-ce-22.3.0/lib/libjvmcicompiler.so
7f8c3e4b3000-7f8c48000000 r--s 00000000 00:886 4611686019135192581       /nix/store/gpxl5qgg8kicmcvivwmybwjlpf7wh20l-graalvm17-ce-22.3.0/lib/modules
7f8c48000000-7f8c481c7000 rw-p 00000000 00:00 0 
7f8c481c7000-7f8c4c000000 ---p 00000000 00:00 0 
7f8c4c000000-7f8c4c021000 rw-p 00000000 00:00 0 
7f8c4c021000-7f8c50000000 ---p 00000000 00:00 0 
7f8c50000000-7f8c50021000 rw-p 00000000 00:00 0 
7f8c50021000-7f8c54000000 ---p 00000000 00:00 0 
7f8c54000000-7f8c54021000 rw-p 00000000 00:00 0 
7f8c54021000-7f8c58000000 ---p 00000000 00:00 0 
7f8c58000000-7f8c5815c000 rw-p 00000000 00:00 0 
7f8c5815c000-7f8c5c000000 ---p 00000000 00:00 0 
7f8c5c000000-7f8c5c021000 rw-p 00000000 00:00 0 
7f8c5c021000-7f8c60000000 ---p 00000000 00:00 0 
7f8c60000000-7f8c60323000 rw-p 00000000 00:00 0 
7f8c60323000-7f8c64000000 ---p 00000000 00:00 0 
7f8c64000000-7f8c64044000 rw-p 00000000 00:00 0 
7f8c64044000-7f8c68000000 ---p 00000000 00:00 0 
7f8c68000000-7f8c68021000 rw-p 00000000 00:00 0 
7f8c68021000-7f8c6c000000 ---p 00000000 00:00 0 
7f8c6c000000-7f8c6c0f5000 rw-p 00000000 00:00 0 
7f8c6c0f5000-7f8c70000000 ---p 00000000 00:00 0 
7f8c71000000-7f8c71380000 rw-p 00000000 00:00 0 
7f8c71380000-7f8c713c0000 rw-p 00000000 00:00 0 
7f8c713c0000-7f8c71400000 ---p 00000000 00:00 0 
7f8c71400000-7f8c71800000 rw-p 00000000 00:00 0 
7f8c71800000-7f8c71fe0000 rw-p 00000000 00:00 0 
7f8c71fe0000-7f8c72000000 rw-p 00000000 00:00 0 
7f8c72000000-7f8c72100000 rw-p 00000000 00:00 0 
7f8c72100000-7f8c72200000 rw-p 00000000 00:00 0 
7f8c72200000-7f8c72800000 rw-p 00000000 00:00 0 
7f8c72800000-7f8c72900000 rw-p 00000000 00:00 0 
7f8c72900000-7f8c72a00000 rw-p 00000000 00:00 0 
7f8c72a00000-7f8c72dc0000 rw-p 00000000 00:00 0 
7f8c72dc0000-7f8c72e00000 rw-p 00000000 00:00 0 
7f8c72e00000-7f8c73000000 rw-p 00000000 00:00 0 
7f8c73000000-7f8c73004000 ---p 00000000 00:00 0 
7f8c73004000-7f8c73100000 rw-p 00000000 00:00 0 
7f8c73100000-7f8c73104000 ---p 00000000 00:00 0 
7f8c73104000-7f8c73200000 rw-p 00000000 00:00 0 
7f8c73300000-7f8c73304000 ---p 00000000 00:00 0 
7f8c73304000-7f8c73400000 rw-p 00000000 00:00 0 
7f8c73400000-7f8c73500000 rw-p 00000000 00:00 0 
7f8c73500000-7f8c73600000 rw-p 00000000 00:00 0 
7f8c73600000-7f8c73b80000 rw-p 00000000 00:00 0 
7f8c73b80000-7f8c73c00000 rw-p 00000000 00:00 0 
7f8c73d00000-7f8c73d04000 ---p 00000000 00:00 0 
7f8c73d04000-7f8c73e00000 rw-p 00000000 00:00 0 
7f8c73f00000-7f8c73f04000 ---p 00000000 00:00 0 
7f8c73f04000-7f8c74000000 rw-p 00000000 00:00 0 
7f8c74000000-7f8c748d5000 rw-p 00000000 00:00 0 
7f8c748d5000-7f8c78000000 ---p 00000000 00:00 0 
7f8c78000000-7f8c78021000 rw-p 00000000 00:00 0 
7f8c78021000-7f8c7c000000 ---p 00000000 00:00 0 
7f8c7c000000-7f8c7c021000 rw-p 00000000 00:00 0 
7f8c7c021000-7f8c80000000 ---p 00000000 00:00 0 
7f8c80000000-7f8c80021000 rw-p 00000000 00:00 0 
7f8c80021000-7f8c84000000 ---p 00000000 00:00 0 
7f8c84000000-7f8c84023000 rw-p 00000000 00:00 0 
7f8c84023000-7f8c88000000 ---p 00000000 00:00 0 
7f8c88100000-7f8c88104000 ---p 00000000 00:00 0 
7f8c88104000-7f8c88200000 rw-p 00000000 00:00 0 
7f8c88300000-7f8c88304000 ---p 00000000 00:00 0 
7f8c88304000-7f8c88400000 rw-p 00000000 00:00 0 
7f8c88500000-7f8c88504000 ---p 00000000 00:00 0 
7f8c88504000-7f8c88600000 rw-p 00000000 00:00 0 
7f8c88700000-7f8c88704000 ---p 00000000 00:00 0 
7f8c88704000-7f8c88800000 rw-p 00000000 00:00 0 
7f8c88900000-7f8c88904000 ---p 00000000 00:00 0 
7f8c88904000-7f8c88a00000 rw-p 00000000 00:00 0 
7f8c88a00000-7f8c88a10000 r-xp 00000000 00:7e1 378                       /home/runner/.cache/jdt-language-server/config/org.eclipse.equinox.launcher/org.eclipse.equinox.launcher.gtk.linux.x86_64_1.2.400.v20211117-0650/eclipse_11600.so
7f8c88a10000-7f8c88c0f000 ---p 00010000 00:7e1 378                       /home/runner/.cache/jdt-language-server/config/org.eclipse.equinox.launcher/org.eclipse.equinox.launcher.gtk.linux.x86_64_1.2.400.v20211117-0650/eclipse_11600.so
7f8c88c0f000-7f8c88c10000 r--p 0000f000 00:7e1 378                       /home/runner/.cache/jdt-language-server/config/org.eclipse.equinox.launcher/org.eclipse.equinox.launcher.gtk.linux.x86_64_1.2.400.v20211117-0650/eclipse_11600.so
7f8c88c10000-7f8c88c11000 rw-p 00010000 00:7e1 378                       /home/runner/.cache/jdt-language-server/config/org.eclipse.equinox.launcher/org.eclipse.equinox.launcher.gtk.linux.x86_64_1.2.400.v20211117-0650/eclipse_11600.so
7f8c88d00000-7f8c88d04000 ---p 00000000 00:00 0 
7f8c88d04000-7f8c88e00000 rw-p 00000000 00:00 0 
7f8c88f00000-7f8c88f04000 ---p 00000000 00:00 0 
7f8c88f04000-7f8c89000000 rw-p 00000000 00:00 0 
7f8c89100000-7f8c89104000 ---p 00000000 00:00 0 
7f8c89104000-7f8c89200000 rw-p 00000000 00:00 0 
7f8c89300000-7f8c89304000 ---p 00000000 00:00 0 
7f8c89304000-7f8c89400000 rw-p 00000000 00:00 0 
7f8c89500000-7f8c89504000 ---p 00000000 00:00 0 
7f8c89504000-7f8c89600000 rw-p 00000000 00:00 0 
7f8c89700000-7f8c89704000 ---p 00000000 00:00 0 
7f8c89704000-7f8c89800000 rw-p 00000000 00:00 0 
7f8c89900000-7f8c89904000 ---p 00000000 00:00 0 
7f8c89904000-7f8c89a00000 rw-p 00000000 00:00 0 
7f8c89b00000-7f8c89b04000 ---p 00000000 00:00 0 
7f8c89b04000-7f8c89c00000 rw-p 00000000 00:00 0 
7f8c89d00000-7f8c89d04000 ---p 00000000 00:00 0 
7f8c89d04000-7f8c89e00000 rw-p 00000000 00:00 0 
7f8c89f00000-7f8c89f04000 ---p 00000000 00:00 0 
7f8c89f04000-7f8c8a000000 rw-p 00000000 00:00 0 
7f8c8a100000-7f8c8a104000 ---p 00000000 00:00 0 
7f8c8a104000-7f8c8a200000 rw-p 00000000 00:00 0 
7f8c8a300000-7f8c8a304000 ---p 00000000 00:00 0 
7f8c8a304000-7f8c8a400000 rw-p 00000000 00:00 0 
7f8c8a500000-7f8c8a504000 ---p 00000000 00:00 0 
7f8c8a504000-7f8c8a600000 rw-p 00000000 00:00 0 
7f8c8a700000-7f8c8a704000 ---p 00000000 00:00 0 
7f8c8a704000-7f8c8a800000 rw-p 00000000 00:00 0 
7f8c8a900000-7f8c8a904000 ---p 00000000 00:00 0 
7f8c8a904000-7f8c8aa00000 rw-p 00000000 00:00 0 
7f8c8ab00000-7f8c8ab04000 ---p 00000000 00:00 0 
7f8c8ab04000-7f8c8ac00000 rw-p 00000000 00:00 0 
7f8c8ad00000-7f8c8ad04000 ---p 00000000 00:00 0 
7f8c8ad04000-7f8c8ae00000 rw-p 00000000 00:00 0 
7f8c8bba9000-7f8c8bf00000 rw-p 00000000 00:00 0 
7f8c8c000000-7f8c8c021000 rw-p 00000000 00:00 0 
7f8c8c021000-7f8c90000000 ---p 00000000 00:00 0 
7f8c90000000-7f8c90021000 rw-p 00000000 00:00 0 
7f8c90021000-7f8c94000000 ---p 00000000 00:00 0 
7f8c94000000-7f8c94021000 rw-p 00000000 00:00 0 
7f8c94021000-7f8c98000000 ---p 00000000 00:00 0 
7f8c98000000-7f8c98021000 rw-p 00000000 00:00 0 
7f8c98021000-7f8c9c000000 ---p 00000000 00:00 0 
7f8c9c000000-7f8c9c231000 rw-p 00000000 00:00 0 
7f8c9c231000-7f8ca0000000 ---p 00000000 00:00 0 
7f8ca0000000-7f8ca0a81000 rw-p 00000000 00:00 0 
7f8ca0a81000-7f8ca4000000 ---p 00000000 00:00 0 
7f8ca4000000-7f8ca4021000 rw-p 00000000 00:00 0 
7f8ca4021000-7f8ca8000000 ---p 00000000 00:00 0 
7f8ca8000000-7f8ca8021000 rw-p 00000000 00:00 0 
7f8ca8021000-7f8cac000000 ---p 00000000 00:00 0 
7f8cac000000-7f8cac021000 rw-p 00000000 00:00 0 
7f8cac021000-7f8cb0000000 ---p 00000000 00:00 0 
7f8cb0000000-7f8cb0021000 rw-p 00000000 00:00 0 
7f8cb0021000-7f8cb4000000 ---p 00000000 00:00 0 
7f8cb4000000-7f8cb4021000 rw-p 00000000 00:00 0 
7f8cb4021000-7f8cb8000000 ---p 00000000 00:00 0 
7f8cb8000000-7f8cb8021000 rw-p 00000000 00:00 0 
7f8cb8021000-7f8cbc000000 ---p 00000000 00:00 0 
7f8cbc000000-7f8cbc1cf000 rw-p 00000000 00:00 0 
7f8cbc1cf000-7f8cc0000000 ---p 00000000 00:00 0 
7f8cc0100000-7f8cc0104000 ---p 00000000 00:00 0 
7f8cc0104000-7f8cc0200000 rw-p 00000000 00:00 0 
7f8cc0300000-7f8cc0304000 ---p 00000000 00:00 0 
7f8cc0304000-7f8cc0400000 rw-p 00000000 00:00 0 
7f8cc0500000-7f8cc0504000 ---p 00000000 00:00 0 
7f8cc0504000-7f8cc0600000 rw-p 00000000 00:00 0 
7f8cc0700000-7f8cc0704000 ---p 00000000 00:00 0 
7f8cc0704000-7f8cc0800000 rw-p 00000000 00:00 0 
7f8cc0900000-7f8cc0904000 ---p 00000000 00:00 0 
7f8cc0904000-7f8cc0a00000 rw-p 00000000 00:00 0 
7f8cc0b00000-7f8cc0b04000 ---p 00000000 00:00 0 
7f8cc0b04000-7f8cc0c00000 rw-p 00000000 00:00 0 
7f8cc0c00000-7f8cc0c04000 ---p 00000000 00:00 0 
7f8cc0c04000-7f8cc0d00000 rw-p 00000000 00:00 0 
7f8cc0d00000-7f8cc0d04000 ---p 00000000 00:00 0 
7f8cc0d04000-7f8cc0e00000 rw-p 00000000 00:00 0 
7f8cc0f00000-7f8cc0f04000 ---p 00000000 00:00 0 
7f8cc0f04000-7f8cc1000000 rw-p 00000000 00:00 0 
7f8cc1000000-7f8cc316a000 r-xp 00000000 00:886 4611686019135190040       /nix/store/gpxl5qgg8kicmcvivwmybwjlpf7wh20l-graalvm17-ce-22.3.0/lib/libjvmcicompiler.so
7f8cc316a000-7f8cc3369000 ---p 0216a000 00:886 4611686019135190040       /nix/store/gpxl5qgg8kicmcvivwmybwjlpf7wh20l-graalvm17-ce-22.3.0/lib/libjvmcicompiler.so
7f8cc3369000-7f8cc336a000 r--p 02169000 00:886 4611686019135190040       /nix/store/gpxl5qgg8kicmcvivwmybwjlpf7wh20l-graalvm17-ce-22.3.0/lib/libjvmcicompiler.so
7f8cc336a000-7f8cc336c000 rw-p 0216a000 00:886 4611686019135190040       /nix/store/gpxl5qgg8kicmcvivwmybwjlpf7wh20l-graalvm17-ce-22.3.0/lib/libjvmcicompiler.so
7f8cc336c000-7f8cc336d000 rw-p 00000000 00:00 0 
7f8cc336d000-7f8cc3372000 rw-p 023c3000 00:886 4611686019135190040       /nix/store/gpxl5qgg8kicmcvivwmybwjlpf7wh20l-graalvm17-ce-22.3.0/lib/libjvmcicompiler.so
7f8cc33b3000-7f8cc33b7000 ---p 00000000 00:00 0 
7f8cc33b7000-7f8cc34b3000 rw-p 00000000 00:00 0 
7f8cc34b3000-7f8cc3723000 rwxp 00000000 00:00 0 
7f8cc3723000-7f8cc3a42000 ---p 00000000 00:00 0 
7f8cc3a42000-7f8cc49e2000 rwxp 00000000 00:00 0 
7f8cc49e2000-7f8ccaf7a000 ---p 00000000 00:00 0 
7f8ccaf7a000-7f8ccb20a000 rwxp 00000000 00:00 0 
7f8ccb20a000-7f8cd24b3000 ---p 00000000 00:00 0 
7f8cd24b3000-7f8cdc000000 r--s 00000000 00:886 4611686019135192581       /nix/store/gpxl5qgg8kicmcvivwmybwjlpf7wh20l-graalvm17-ce-22.3.0/lib/modules
7f8cdc000000-7f8cdc3ff000 rw-p 00000000 00:00 0 
7f8cdc3ff000-7f8ce0000000 ---p 00000000 00:00 0 
7f8ce01de000-7f8ce01e2000 ---p 00000000 00:00 0 
7f8ce01e2000-7f8ce0200000 rw-p 00000000 00:00 0 
7f8ce0316000-7f8ce0317000 ---p 00000000 00:00 0 
7f8ce0317000-7f8ce0418000 rw-p 00000000 00:00 0 
7f8ce0418000-7f8ce041c000 ---p 00000000 00:00 0 
7f8ce041c000-7f8ce0518000 rw-p 00000000 00:00 0 
7f8ce0518000-7f8ce051c000 ---p 00000000 00:00 0 
7f8ce051c000-7f8ce0618000 rw-p 00000000 00:00 0 
7f8ce0618000-7f8ce061c000 ---p 00000000 00:00 0 
7f8ce061c000-7f8ce0718000 rw-p 00000000 00:00 0 
7f8ce0718000-7f8ce071c000 ---p 00000000 00:00 0 
7f8ce071c000-7f8ce0918000 rw-p 00000000 00:00 0 
7f8ce0918000-7f8ce091c000 ---p 00000000 00:00 0 
7f8ce091c000-7f8ce0b18000 rw-p 00000000 00:00 0 
7f8ce0b18000-7f8ce0b1c000 ---p 00000000 00:00 0 
7f8ce0b1c000-7f8ce0c18000 rw-p 00000000 00:00 0 
7f8ce0c18000-7f8ce0c1c000 ---p 00000000 00:00 0 
7f8ce0c1c000-7f8ce0d18000 rw-p 00000000 00:00 0 
7f8ce0d18000-7f8ce0d1c000 ---p 00000000 00:00 0 
7f8ce0d1c000-7f8ce0e18000 rw-p 00000000 00:00 0 
7f8ce0e18000-7f8ce10fe000 r--p 00000000 00:686 28444448                  /usr/lib/locale/locale-archive
7f8ce10fe000-7f8ce1102000 ---p 00000000 00:00 0 
7f8ce1102000-7f8ce11fe000 rw-p 00000000 00:00 0 
7f8ce11fe000-7f8ce1202000 ---p 00000000 00:00 0 
7f8ce1202000-7f8ce12fe000 rw-p 00000000 00:00 0 
7f8ce12fe000-7f8ce12ff000 ---p 00000000 00:00 0 
7f8ce12ff000-7f8ce1800000 rw-p 00000000 00:00 0 
7f8ce1800000-7f8ce1ac0000 rw-p 00000000 00:00 0 
7f8ce1ac0000-7f8ce1b00000 rw-p 00000000 00:00 0 
7f8ce1b00000-7f8ce1c00000 rw-p 00000000 00:00 0 
7f8ce1c12000-7f8ce1c19000 r-xp 00000000 00:886 4611686019135192580       /nix/store/gpxl5qgg8kicmcvivwmybwjlpf7wh20l-graalvm17-ce-22.3.0/lib/libzip.so
7f8ce1c19000-7f8ce1c1a000 ---p 00007000 00:886 4611686019135192580       /nix/store/gpxl5qgg8kicmcvivwmybwjlpf7wh20l-graalvm17-ce-22.3.0/lib/libzip.so
7f8ce1c1a000-7f8ce1c1b000 r--p 00007000 00:886 4611686019135192580       /nix/store/gpxl5qgg8kicmcvivwmybwjlpf7wh20l-graalvm17-ce-22.3.0/lib/libzip.so
7f8ce1c1b000-7f8ce1c1c000 rw-p 00008000 00:886 4611686019135192580       /nix/store/gpxl5qgg8kicmcvivwmybwjlpf7wh20l-graalvm17-ce-22.3.0/lib/libzip.so
7f8ce1c1c000-7f8ce1c1e000 rw-p 0000b000 00:886 4611686019135192580       /nix/store/gpxl5qgg8kicmcvivwmybwjlpf7wh20l-graalvm17-ce-22.3.0/lib/libzip.so
7f8ce1c1e000-7f8ce1c33000 r-xp 00000000 00:886 4611686019135192570       /nix/store/gpxl5qgg8kicmcvivwmybwjlpf7wh20l-graalvm17-ce-22.3.0/lib/libnet.so
7f8ce1c33000-7f8ce1c34000 ---p 00015000 00:886 4611686019135192570       /nix/store/gpxl5qgg8kicmcvivwmybwjlpf7wh20l-graalvm17-ce-22.3.0/lib/libnet.so
7f8ce1c34000-7f8ce1c35000 r--p 00015000 00:886 4611686019135192570       /nix/store/gpxl5qgg8kicmcvivwmybwjlpf7wh20l-graalvm17-ce-22.3.0/lib/libnet.so
7f8ce1c35000-7f8ce1c36000 rw-p 00016000 00:886 4611686019135192570       /nix/store/gpxl5qgg8kicmcvivwmybwjlpf7wh20l-graalvm17-ce-22.3.0/lib/libnet.so
7f8ce1c36000-7f8ce1c39000 rw-p 0001b000 00:886 4611686019135192570       /nix/store/gpxl5qgg8kicmcvivwmybwjlpf7wh20l-graalvm17-ce-22.3.0/lib/libnet.so
7f8ce1c39000-7f8ce1c4c000 r-xp 00000000 00:886 4611686019135192571       /nix/store/gpxl5qgg8kicmcvivwmybwjlpf7wh20l-graalvm17-ce-22.3.0/lib/libnio.so
7f8ce1c4c000-7f8ce1c4d000 r--p 00012000 00:886 4611686019135192571       /nix/store/gpxl5qgg8kicmcvivwmybwjlpf7wh20l-graalvm17-ce-22.3.0/lib/libnio.so
7f8ce1c4d000-7f8ce1c4e000 rw-p 00013000 00:886 4611686019135192571       /nix/store/gpxl5qgg8kicmcvivwmybwjlpf7wh20l-graalvm17-ce-22.3.0/lib/libnio.so
7f8ce1c4e000-7f8ce1c53000 rw-p 00019000 00:886 4611686019135192571       /nix/store/gpxl5qgg8kicmcvivwmybwjlpf7wh20l-graalvm17-ce-22.3.0/lib/libnio.so
7f8ce1c53000-7f8ce1d21000 r-xp 00000000 00:886 4611686019135190036       /nix/store/gpxl5qgg8kicmcvivwmybwjlpf7wh20l-graalvm17-ce-22.3.0/lib/libjsvml.so
7f8ce1d21000-7f8ce1d22000 r--p 000cd000 00:886 4611686019135190036       /nix/store/gpxl5qgg8kicmcvivwmybwjlpf7wh20l-graalvm17-ce-22.3.0/lib/libjsvml.so
7f8ce1d22000-7f8ce1d23000 rw-p 000ce000 00:886 4611686019135190036       /nix/store/gpxl5qgg8kicmcvivwmybwjlpf7wh20l-graalvm17-ce-22.3.0/lib/libjsvml.so
7f8ce1d23000-7f8ce35fb000 rw-p 00000000 00:00 0 
7f8ce35fb000-7f8ce35fc000 ---p 00000000 00:00 0 
7f8ce35fc000-7f8ce37a7000 rw-p 00000000 00:00 0 
7f8ce37a7000-7f8ce37dd000 rw-p 00000000 00:00 0 
7f8ce37dd000-7f8ce37fd000 ---p 00000000 00:00 0 
7f8ce37fd000-7f8ce3804000 rw-p 00000000 00:00 0 
7f8ce3804000-7f8ce38e9000 ---p 00000000 00:00 0 
7f8ce38e9000-7f8ce3909000 rw-p 00000000 00:00 0 
7f8ce3909000-7f8ce39d4000 ---p 00000000 00:00 0 
7f8ce39d4000-7f8ce39d9000 rw-p 00000000 00:00 0 
7f8ce39d9000-7f8ce39e0000 ---p 00000000 00:00 0 
7f8ce39e0000-7f8ce3a04000 r-xp 00000000 00:886 4611686019135190028       /nix/store/gpxl5qgg8kicmcvivwmybwjlpf7wh20l-graalvm17-ce-22.3.0/lib/libjava.so
7f8ce3a04000-7f8ce3a05000 ---p 00024000 00:886 4611686019135190028       /nix/store/gpxl5qgg8kicmcvivwmybwjlpf7wh20l-graalvm17-ce-22.3.0/lib/libjava.so
7f8ce3a05000-7f8ce3a06000 r--p 00024000 00:886 4611686019135190028       /nix/store/gpxl5qgg8kicmcvivwmybwjlpf7wh20l-graalvm17-ce-22.3.0/lib/libjava.so
7f8ce3a06000-7f8ce3a07000 rw-p 00025000 00:886 4611686019135190028       /nix/store/gpxl5qgg8kicmcvivwmybwjlpf7wh20l-graalvm17-ce-22.3.0/lib/libjava.so
7f8ce3a07000-7f8ce3a08000 rw-p 00000000 00:00 0 
7f8ce3a08000-7f8ce3a0f000 rw-p 0002f000 00:886 4611686019135190028       /nix/store/gpxl5qgg8kicmcvivwmybwjlpf7wh20l-graalvm17-ce-22.3.0/lib/libjava.so
7f8ce3a0f000-7f8ce3a17000 rw-s 00000000 00:537 1207                      /tmp/hsperfdata_runner/543
7f8ce3a17000-7f8ce3a18000 ---p 00000000 00:00 0 
7f8ce3a18000-7f8ce3a19000 r--p 00000000 00:00 0 
7f8ce3a19000-7f8ce3a1a000 rwxp 00000000 00:00 0 
7f8ce3a1a000-7f8ce3a35000 r-xp 00000000 00:886 4611686019135190032       /nix/store/gpxl5qgg8kicmcvivwmybwjlpf7wh20l-graalvm17-ce-22.3.0/lib/libjimage.so
7f8ce3a35000-7f8ce3a36000 ---p 0001b000 00:886 4611686019135190032       /nix/store/gpxl5qgg8kicmcvivwmybwjlpf7wh20l-graalvm17-ce-22.3.0/lib/libjimage.so
7f8ce3a36000-7f8ce3a38000 r--p 0001b000 00:886 4611686019135190032       /nix/store/gpxl5qgg8kicmcvivwmybwjlpf7wh20l-graalvm17-ce-22.3.0/lib/libjimage.so
7f8ce3a38000-7f8ce3a39000 rw-p 0001d000 00:886 4611686019135190032       /nix/store/gpxl5qgg8kicmcvivwmybwjlpf7wh20l-graalvm17-ce-22.3.0/lib/libjimage.so
7f8ce3a39000-7f8ce3a3a000 rw-p 00024000 00:886 4611686019135190032       /nix/store/gpxl5qgg8kicmcvivwmybwjlpf7wh20l-graalvm17-ce-22.3.0/lib/libjimage.so
7f8ce3a3a000-7f8ce3a3e000 ---p 00000000 00:00 0 
7f8ce3a3e000-7f8ce3b3a000 rw-p 00000000 00:00 0 
7f8ce3b3a000-7f8ce3b48000 r--p 00000000 00:886 4611686019027979927       /nix/store/4nlgxhb09sdr51nc9hdm8az5b08vzkgx-glibc-2.35-163/lib/libm.so.6
7f8ce3b48000-7f8ce3bbb000 r-xp 0000e000 00:886 4611686019027979927       /nix/store/4nlgxhb09sdr51nc9hdm8az5b08vzkgx-glibc-2.35-163/lib/libm.so.6
7f8ce3bbb000-7f8ce3c18000 r--p 00081000 00:886 4611686019027979927       /nix/store/4nlgxhb09sdr51nc9hdm8az5b08vzkgx-glibc-2.35-163/lib/libm.so.6
7f8ce3c18000-7f8ce3c19000 r--p 000dd000 00:886 4611686019027979927       /nix/store/4nlgxhb09sdr51nc9hdm8az5b08vzkgx-glibc-2.35-163/lib/libm.so.6
7f8ce3c19000-7f8ce3c1a000 rw-p 000de000 00:886 4611686019027979927       /nix/store/4nlgxhb09sdr51nc9hdm8az5b08vzkgx-glibc-2.35-163/lib/libm.so.6
7f8ce3c1a000-7f8ce3c1b000 r--p 00000000 00:886 4611686019027979946       /nix/store/4nlgxhb09sdr51nc9hdm8az5b08vzkgx-glibc-2.35-163/lib/librt.so.1
7f8ce3c1b000-7f8ce3c1c000 r-xp 00001000 00:886 4611686019027979946       /nix/store/4nlgxhb09sdr51nc9hdm8az5b08vzkgx-glibc-2.35-163/lib/librt.so.1
7f8ce3c1c000-7f8ce3c1d000 r--p 00002000 00:886 4611686019027979946       /nix/store/4nlgxhb09sdr51nc9hdm8az5b08vzkgx-glibc-2.35-163/lib/librt.so.1
7f8ce3c1d000-7f8ce3c1e000 r--p 00002000 00:886 4611686019027979946       /nix/store/4nlgxhb09sdr51nc9hdm8az5b08vzkgx-glibc-2.35-163/lib/librt.so.1
7f8ce3c1e000-7f8ce3c1f000 rw-p 00003000 00:886 4611686019027979946       /nix/store/4nlgxhb09sdr51nc9hdm8az5b08vzkgx-glibc-2.35-163/lib/librt.so.1
7f8ce3c1f000-7f8ce4d32000 r-xp 00000000 00:886 4611686019135360866       /nix/store/gpxl5qgg8kicmcvivwmybwjlpf7wh20l-graalvm17-ce-22.3.0/lib/server/libjvm.so
7f8ce4d32000-7f8ce4d33000 ---p 01113000 00:886 4611686019135360866       /nix/store/gpxl5qgg8kicmcvivwmybwjlpf7wh20l-graalvm17-ce-22.3.0/lib/server/libjvm.so
7f8ce4d33000-7f8ce4de8000 r--p 01113000 00:886 4611686019135360866       /nix/store/gpxl5qgg8kicmcvivwmybwjlpf7wh20l-graalvm17-ce-22.3.0/lib/server/libjvm.so
7f8ce4de8000-7f8ce4e1c000 rw-p 011c8000 00:886 4611686019135360866       /nix/store/gpxl5qgg8kicmcvivwmybwjlpf7wh20l-graalvm17-ce-22.3.0/lib/server/libjvm.so
7f8ce4e1c000-7f8ce4e78000 rw-p 00000000 00:00 0 
7f8ce4e78000-7f8ce4ea0000 r--p 00000000 00:886 4611686019027979918       /nix/store/4nlgxhb09sdr51nc9hdm8az5b08vzkgx-glibc-2.35-163/lib/libc.so.6
7f8ce4ea0000-7f8ce5016000 r-xp 00028000 00:886 4611686019027979918       /nix/store/4nlgxhb09sdr51nc9hdm8az5b08vzkgx-glibc-2.35-163/lib/libc.so.6
7f8ce5016000-7f8ce506e000 r--p 0019e000 00:886 4611686019027979918       /nix/store/4nlgxhb09sdr51nc9hdm8az5b08vzkgx-glibc-2.35-163/lib/libc.so.6
7f8ce506e000-7f8ce5072000 r--p 001f6000 00:886 4611686019027979918       /nix/store/4nlgxhb09sdr51nc9hdm8az5b08vzkgx-glibc-2.35-163/lib/libc.so.6
7f8ce5072000-7f8ce5074000 rw-p 001fa000 00:886 4611686019027979918       /nix/store/4nlgxhb09sdr51nc9hdm8az5b08vzkgx-glibc-2.35-163/lib/libc.so.6
7f8ce5074000-7f8ce5083000 rw-p 00000000 00:00 0 
7f8ce5083000-7f8ce5084000 r--p 00000000 00:886 4611686019027979923       /nix/store/4nlgxhb09sdr51nc9hdm8az5b08vzkgx-glibc-2.35-163/lib/libdl.so.2
7f8ce5084000-7f8ce5085000 r-xp 00001000 00:886 4611686019027979923       /nix/store/4nlgxhb09sdr51nc9hdm8az5b08vzkgx-glibc-2.35-163/lib/libdl.so.2
7f8ce5085000-7f8ce5086000 r--p 00002000 00:886 4611686019027979923       /nix/store/4nlgxhb09sdr51nc9hdm8az5b08vzkgx-glibc-2.35-163/lib/libdl.so.2
7f8ce5086000-7f8ce5087000 r--p 00002000 00:886 4611686019027979923       /nix/store/4nlgxhb09sdr51nc9hdm8az5b08vzkgx-glibc-2.35-163/lib/libdl.so.2
7f8ce5087000-7f8ce5088000 rw-p 00003000 00:886 4611686019027979923       /nix/store/4nlgxhb09sdr51nc9hdm8az5b08vzkgx-glibc-2.35-163/lib/libdl.so.2
7f8ce5088000-7f8ce5089000 r--p 00000000 00:886 4611686019027979942       /nix/store/4nlgxhb09sdr51nc9hdm8az5b08vzkgx-glibc-2.35-163/lib/libpthread.so.0
7f8ce5089000-7f8ce508a000 r-xp 00001000 00:886 4611686019027979942       /nix/store/4nlgxhb09sdr51nc9hdm8az5b08vzkgx-glibc-2.35-163/lib/libpthread.so.0
7f8ce508a000-7f8ce508b000 r--p 00002000 00:886 4611686019027979942       /nix/store/4nlgxhb09sdr51nc9hdm8az5b08vzkgx-glibc-2.35-163/lib/libpthread.so.0
7f8ce508b000-7f8ce508c000 r--p 00002000 00:886 4611686019027979942       /nix/store/4nlgxhb09sdr51nc9hdm8az5b08vzkgx-glibc-2.35-163/lib/libpthread.so.0
7f8ce508c000-7f8ce508d000 rw-p 00003000 00:886 4611686019027979942       /nix/store/4nlgxhb09sdr51nc9hdm8az5b08vzkgx-glibc-2.35-163/lib/libpthread.so.0
7f8ce508d000-7f8ce509b000 r-xp 00000000 00:886 4611686019135190033       /nix/store/gpxl5qgg8kicmcvivwmybwjlpf7wh20l-graalvm17-ce-22.3.0/lib/libjli.so
7f8ce509b000-7f8ce509c000 ---p 0000e000 00:886 4611686019135190033       /nix/store/gpxl5qgg8kicmcvivwmybwjlpf7wh20l-graalvm17-ce-22.3.0/lib/libjli.so
7f8ce509c000-7f8ce509d000 r--p 0000e000 00:886 4611686019135190033       /nix/store/gpxl5qgg8kicmcvivwmybwjlpf7wh20l-graalvm17-ce-22.3.0/lib/libjli.so
7f8ce509d000-7f8ce509e000 rw-p 0000f000 00:886 4611686019135190033       /nix/store/gpxl5qgg8kicmcvivwmybwjlpf7wh20l-graalvm17-ce-22.3.0/lib/libjli.so
7f8ce509e000-7f8ce509f000 rw-p 00012000 00:886 4611686019135190033       /nix/store/gpxl5qgg8kicmcvivwmybwjlpf7wh20l-graalvm17-ce-22.3.0/lib/libjli.so
7f8ce509f000-7f8ce50a2000 r--p 00000000 00:886 4611686019106210071       /nix/store/026hln0aq1hyshaxsdvhg0kmcm6yf45r-zlib-1.2.13/lib/libz.so.1.2.13
7f8ce50a2000-7f8ce50b4000 r-xp 00003000 00:886 4611686019106210071       /nix/store/026hln0aq1hyshaxsdvhg0kmcm6yf45r-zlib-1.2.13/lib/libz.so.1.2.13
7f8ce50b4000-7f8ce50bb000 r--p 00015000 00:886 4611686019106210071       /nix/store/026hln0aq1hyshaxsdvhg0kmcm6yf45r-zlib-1.2.13/lib/libz.so.1.2.13
7f8ce50bb000-7f8ce50bc000 r--p 0001b000 00:886 4611686019106210071       /nix/store/026hln0aq1hyshaxsdvhg0kmcm6yf45r-zlib-1.2.13/lib/libz.so.1.2.13
7f8ce50bc000-7f8ce50bd000 rw-p 0001c000 00:886 4611686019106210071       /nix/store/026hln0aq1hyshaxsdvhg0kmcm6yf45r-zlib-1.2.13/lib/libz.so.1.2.13
7f8ce50bd000-7f8ce50bf000 rw-p 00000000 00:00 0 
7f8ce50bf000-7f8ce50c1000 r--p 00000000 00:886 4611686019027979912       /nix/store/4nlgxhb09sdr51nc9hdm8az5b08vzkgx-glibc-2.35-163/lib/ld-linux-x86-64.so.2
7f8ce50c1000-7f8ce50e8000 r-xp 00002000 00:886 4611686019027979912       /nix/store/4nlgxhb09sdr51nc9hdm8az5b08vzkgx-glibc-2.35-163/lib/ld-linux-x86-64.so.2
7f8ce50e8000-7f8ce50f4000 r--p 00029000 00:886 4611686019027979912       /nix/store/4nlgxhb09sdr51nc9hdm8az5b08vzkgx-glibc-2.35-163/lib/ld-linux-x86-64.so.2
7f8ce50f4000-7f8ce50f6000 r--p 00034000 00:886 4611686019027979912       /nix/store/4nlgxhb09sdr51nc9hdm8az5b08vzkgx-glibc-2.35-163/lib/ld-linux-x86-64.so.2
7f8ce50f6000-7f8ce50f8000 rw-p 00036000 00:886 4611686019027979912       /nix/store/4nlgxhb09sdr51nc9hdm8az5b08vzkgx-glibc-2.35-163/lib/ld-linux-x86-64.so.2
7ffcf5277000-7ffcf529b000 rw-p 00000000 00:00 0                          [stack]
7ffcf52da000-7ffcf52de000 r--p 00000000 00:00 0                          [vvar]
7ffcf52de000-7ffcf52e0000 r-xp 00000000 00:00 0                          [vdso]
ffffffffff600000-ffffffffff601000 --xp 00000000 00:00 0                  [vsyscall]


VM Arguments:
jvm_args: -XX:ThreadPriorityPolicy=1 -XX:+UnlockExperimentalVMOptions -XX:+EnableJVMCIProduct -XX:JVMCIThreadsPerNativeLibraryRuntime=1 -XX:-UnlockExperimentalVMOptions -Declipse.application=org.eclipse.jdt.ls.core.id1 -Dosgi.bundles.defaultStartLevel=4 -Declipse.product=org.eclipse.jdt.ls.core.product -Dlog.level=ALL -Xverify:none -XX:+UseParallelGC -XX:GCTimeRatio=4 -XX:AdaptiveSizePolicyWeight=90 -Dsun.zip.disableMemoryMapping=true -Xmx512m -Xms100m 
java_command: /nix/store/m6gcpi1ii6rghy04cjwjddcavv7i90df-jdt-language-server-1.9.0/share/java/plugins/org.eclipse.equinox.launcher_1.6.400.v20210924-0641.jar --add-modules=ALL-SYSTEM --add-opens java.base/java.util=ALL-UNNAMED --add-opens java.base/java.lang=ALL-UNNAMED -configuration /home/runner/.cache/jdt-language-server/config -data /home/runner/.cache/jdt-language-server/data/home/runner/java4
java_class_path (initial): /nix/store/m6gcpi1ii6rghy04cjwjddcavv7i90df-jdt-language-server-1.9.0/share/java/plugins/org.eclipse.equinox.launcher_1.6.400.v20210924-0641.jar
Launcher Type: SUN_STANDARD

[Global flags]
    uintx AdaptiveSizePolicyWeight                 = 90                                        {product} {command line}
     intx CICompilerCount                          = 2                                         {product} {ergonomic}
     bool EnableJVMCIProduct                       = true                                {JVMCI product} {jimage}
    uintx GCTimeRatio                              = 4                                         {product} {command line}
   size_t InitialHeapSize                          = 104857600                                 {product} {command line}
     uint JVMCIThreadsPerNativeLibraryRuntime      = 1                                   {JVMCI product} {jimage}
   size_t MaxHeapSize                              = 536870912                                 {product} {command line}
   size_t MaxNewSize                               = 178782208                                 {product} {ergonomic}
   size_t MinHeapDeltaBytes                        = 524288                                    {product} {ergonomic}
   size_t MinHeapSize                              = 104857600                                 {product} {command line}
   size_t NewSize                                  = 34603008                                  {product} {ergonomic}
    uintx NonNMethodCodeHeapSize                   = 5826188                                {pd product} {ergonomic}
    uintx NonProfiledCodeHeapSize                  = 122916026                              {pd product} {ergonomic}
   size_t OldSize                                  = 70254592                                  {product} {ergonomic}
    uintx ProfiledCodeHeapSize                     = 122916026                              {pd product} {ergonomic}
    uintx ReservedCodeCacheSize                    = 251658240                              {pd product} {ergonomic}
     bool SegmentedCodeCache                       = true                                      {product} {ergonomic}
   size_t SoftMaxHeapSize                          = 536870912                              {manageable} {ergonomic}
     intx ThreadPriorityPolicy                     = 1                                         {product} {jimage}
     bool UseCompressedClassPointers               = true                           {product lp64_product} {ergonomic}
     bool UseCompressedOops                        = true                           {product lp64_product} {ergonomic}
     bool UseParallelGC                            = true                                      {product} {command line}

Logging:
Log output configuration:
 #0: stdout all=warning uptime,level,tags
 #1: stderr all=off uptime,level,tags

Environment Variables:
JAVA_HOME=/nix/store/gpxl5qgg8kicmcvivwmybwjlpf7wh20l-graalvm17-ce-22.3.0
PATH=/nix/store/1d6ian3r8kdzspw8hacjhl3xkp40g1lj-binutils-wrapper-2.39/bin:/nix/store/dq0xwmsk1g0i2ayg6pb7y87na2knzylh-gcc-wrapper-11.3.0/bin:/nix/store/bap4d0lpcrhpwmpb8ayjcgkmvfj62lnq-bash-interactive-5.1-p16/bin:/nix/store/pr5n59mb4jzmfx6kanwxly0l07p861fg-patchelf-0.15.0/bin:/nix/store/1gf2flfqnpqbr1b4p4qz2f72y42bs56r-gcc-11.3.0/bin:/nix/store/57xv61c5zi8pphjbcwxxjlgc34p61ic9-glibc-2.35-163-bin/bin:/nix/store/a7gvj343m05j2s32xcnwr35v31ynlypr-coreutils-9.1/bin:/nix/store/039g378vc3pc3dvi9dzdlrd0i4q93qwf-binutils-2.39/bin:/nix/store/gpxl5qgg8kicmcvivwmybwjlpf7wh20l-graalvm17-ce-22.3.0/bin:/nix/store/6z9ag3ihc8mq2hzsw48lhbznvzny65nz-apache-maven-3.8.6/bin:/nix/store/m6gcpi1ii6rghy04cjwjddcavv7i90df-jdt-language-server-1.9.0/bin:/nix/store/84xs5alhs01zrbr4ywm05kxbjbp5590l-java-debug/bin:/nix/store/mydc6f4k2z73xlcz7ilif3v2lcaiqvza-findutils-4.9.0/bin:/nix/store/j9p3g8472iijd50vhdprx0nmk2fqn5gv-diffutils-3.8/bin:/nix/store/89zs7rms6x00xfq4dq6m7mjnhkr8a6r4-gnused-4.8/bin:/nix/store/86bp03jkmsl6f92w0yzg4s59g5mhxwmy-gnugrep-3.7/bin:/nix/store/hwcdqw4jrjnd37wxqgsd47hd0j8bnj09-gawk-5.1.1/bin:/nix/store/cfbhw8r8ags41vwqaz47r583d0p4h4a1-gnutar-1.34/bin:/nix/store/p3m1ndl1lapwrlh698bnb5lvvxh67378-gzip-1.12/bin:/nix/store/a8mhcagrsly7c7mpjrpsnaahk4aax056-bzip2-1.0.8-bin/bin:/nix/store/mblgz65m3zv9x548a3d5m96fj2pbwr09-gnumake-4.3/bin:/nix/store/dsd5gz46hdbdk2rfdimqddhq6m8m8fqs-bash-5.1-p16/bin:/nix/store/v7ljksji50mg3w61dykaa3n3y79n6nil-patch-2.7.6/bin:/nix/store/zlcnmqq14jz5x9439jf937mvayyl63da-xz-5.2.7-bin/bin:/nix/store/y6aj732zm9m87c82fpvf103a1xb22blp-file-5.43/bin:/nix/store/i4kzir3m7mrisxmf5xvlnkw01x4qaqr4-prybar-elisp-0.0.0-e0d9a52/bin:/nix/store/lwwivxf6h7x3cvxp9zv8sj0mv7dak99r-prybar-lua-0.0.0-e0d9a52/bin:/nix/store/gxj28g1cg4hq3qanmjv07156h800qr58-prybar-python3-0.0.0-e0d9a52/bin:/nix/store/hshkjnxrgidigf8x75vg6lqng2xlx9i3-prybar-sqlite-0.0.0-e0d9a52/bin:/nix/store/c4w01bpjgyy5ixmwdk8m1pw87zq4sl26-prybar-tcl-0.0.0-e0d9a52/bin:/nix/store/hpbvrlwd5viqmvcaisb3x0118i913a9n-st
LD_LIBRARY_PATH=/nix/store/a4pff549sk2idnkpzk5nsfps3mdkdnvm-cups-2.4.2-lib/lib:/nix/store/72mqxxhh3cy5yifh92wh2yb8cl2hikyy-cairo-1.16.0/lib:/nix/store/2k366jrbsra97gjfxwvrhvixjfxdach5-glib-2.74.1/lib:/nix/store/2j2znigd8ak37rlwh9khz0ry3clqlw1l-gtk+3-3.24.34/lib:/nix/store/hisqvx32cd57apbpcsnkpx6k3549wql1-libglvnd-1.4.0/lib:/nix/store/p36pgcv991mq5srvg765b78yqpxvk3qs-mesa-21.3.3-drivers/lib:/nix/store/mav4251if1ahjq5vkpwycyyvnmy459c4-pulseaudio-14.2/lib
DISPLAY=:0
LANG=en_US.UTF-8

Signal Handlers:
   SIGSEGV: crash_handler in libjvm.so, mask=11100100010111111101111111111110, flags=SA_RESTART|SA_SIGINFO
    SIGBUS: crash_handler in libjvm.so, mask=11100100010111111101111111111110, flags=SA_RESTART|SA_SIGINFO
    SIGFPE: crash_handler in libjvm.so, mask=11100100010111111101111111111110, flags=SA_RESTART|SA_SIGINFO
   SIGPIPE: IsolateEnterStub_IgnoreSIGPIPEStartupHook_noopSignalHandler_8f19bff2f35b5f630d83b364d6b2339320d4ec70_216e8361c6bc87a8f89f58cc10d3b2fd4415bf87 in libjvmcicompiler.so, mask=00000000000000000000000000000000, flags=SA_RESTART
  *** Handler was modified!
  *** Expected: javaSignalHandler in libjvm.so, mask=11100100110111111111111111111110, flags=SA_RESTART|SA_SIGINFO
   SIGXFSZ: javaSignalHandler in libjvm.so, mask=11100100010111111101111111111110, flags=SA_RESTART|SA_SIGINFO
    SIGILL: crash_handler in libjvm.so, mask=11100100010111111101111111111110, flags=SA_RESTART|SA_SIGINFO
   SIGUSR2: SR_handler in libjvm.so, mask=00000000000000000000000000000000, flags=SA_RESTART|SA_SIGINFO
    SIGHUP: UserHandler in libjvm.so, mask=11100100010111111101111111111110, flags=SA_RESTART|SA_SIGINFO
    SIGINT: UserHandler in libjvm.so, mask=11100100010111111101111111111110, flags=SA_RESTART|SA_SIGINFO
   SIGTERM: UserHandler in libjvm.so, mask=11100100010111111101111111111110, flags=SA_RESTART|SA_SIGINFO
   SIGQUIT: UserHandler in libjvm.so, mask=11100100010111111101111111111110, flags=SA_RESTART|SA_SIGINFO
  *** Handler was modified!
  *** Expected: javaSignalHandler in libjvm.so, mask=11100100110111111111111111111110, flags=SA_RESTART|SA_SIGINFO
   SIGTRAP: crash_handler in libjvm.so, mask=11100100010111111101111111111110, flags=SA_RESTART|SA_SIGINFO


---------------  S Y S T E M  ---------------

OS:
DISTRIB_ID=Ubuntu
DISTRIB_RELEASE=20.04
DISTRIB_CODENAME=focal
DISTRIB_DESCRIPTION="Ubuntu 20.04.2 LTS"
uname: Linux 5.15.0-1032-gcp #40~20.04.1-Ubuntu SMP Tue Apr 11 02:49:52 UTC 2023 x86_64
OS uptime: 0 days 15:45 hours
libc: glibc 2.35 NPTL 2.35 
rlimit (soft/hard): STACK 8192k/infinity , CORE infinity/infinity , NPROC infinity/infinity , NOFILE 5242/5242 , AS infinity/infinity , CPU infinity/infinity , DATA infinity/infinity , FSIZE infinity/infinity , MEMLOCK 64k/64k
load average: 21.10 21.05 20.17

/proc/meminfo:
MemTotal:       65852700 kB
MemFree:         4414376 kB
MemAvailable:   30713584 kB
Buffers:         2388848 kB
Cached:         22221504 kB
SwapCached:            0 kB
Active:          9708000 kB
Inactive:       45747240 kB
Active(anon):      22836 kB
Inactive(anon): 30590784 kB
Active(file):    9685164 kB
Inactive(file): 15156456 kB
Unevictable:       42376 kB
Mlocked:           42376 kB
SwapTotal:             0 kB
SwapFree:              0 kB
Dirty:              4544 kB
Writeback:             0 kB
AnonPages:      28642988 kB
Mapped:          2042944 kB
Shmem:             72964 kB
KReclaimable:    2184188 kB
Slab:            4657816 kB
SReclaimable:    2184188 kB
SUnreclaim:      2473628 kB
KernelStack:      486560 kB
PageTables:       258112 kB
NFS_Unstable:          0 kB
Bounce:                0 kB
WritebackTmp:          0 kB
CommitLimit:    32926348 kB
Committed_AS:   88078136 kB
VmallocTotal:   34359738367 kB
VmallocUsed:      544976 kB
VmallocChunk:          0 kB
Percpu:            97952 kB
HardwareCorrupted:     0 kB
AnonHugePages:   7100416 kB
ShmemHugePages:        0 kB
ShmemPmdMapped:        0 kB
FileHugePages:         0 kB
FilePmdMapped:         0 kB
HugePages_Total:       0
HugePages_Free:        0
HugePages_Rsvd:        0
HugePages_Surp:        0
Hugepagesize:       2048 kB
Hugetlb:               0 kB
DirectMap4k:     6497080 kB
DirectMap2M:    57462784 kB
DirectMap1G:     5242880 kB

/sys/kernel/mm/transparent_hugepage/enabled: always [madvise] never
/sys/kernel/mm/transparent_hugepage/defrag (defrag/compaction efforts parameter): always defer defer+madvise [madvise] never

Process Memory:
Virtual Size: 5457728K (peak: 5538600K)
Resident Set Size: 754860K (peak: 789040K) (anon: 563868K, file: 190992K, shmem: 0K)
Swapped out: 0K
C-Heap outstanding allocations: 38632K, retained: 14851K
glibc malloc tunables: (default)

/proc/sys/kernel/threads-max (system-wide limit on the number of threads): 514406
/proc/sys/vm/max_map_count (maximum number of memory map areas a process may have): 65530
/proc/sys/kernel/pid_max (system-wide limit on number of process identifiers): 4194304

container (cgroup) information:
container_type: cgroupv1
cpu_cpuset_cpus: 2-7
cpu_memory_nodes: 0
active_processor_count: 1
cpu_quota: 50000
cpu_period: 100000
cpu_shares: 512
memory_limit_in_bytes: 1048576 k
memory_and_swap_limit_in_bytes: 1048576 k
memory_soft_limit_in_bytes: 524288 k
memory_usage_in_bytes: 784836 k
memory_max_usage_in_bytes: 1048580 k
maximum number of tasks: 1000
current number of tasks: 47

KVM virtualization detected
Steal ticks since vm start: 0
Steal ticks percentage since vm start:  0.000

CPU: total 8 (initial active 1) (8 cores per cpu, 2 threads per core) family 23 model 49 stepping 0 microcode 0xffffffff, cx8, cmov, fxsr, ht, mmx, 3dnowpref, sse, sse2, sse3, ssse3, sse4a, sse4.1, sse4.2, popcnt, lzcnt, tsc, tscinvbit, avx, avx2, aes, clmul, bmi1, bmi2, adx, sha, fma, vzeroupper, clflush, clflushopt, hv
CPU Model and flags from /proc/cpuinfo:
model name	: AMD EPYC 7B12
flags		: fpu vme de pse tsc msr pae mce cx8 apic sep mtrr pge mca cmov pat pse36 clflush mmx fxsr sse sse2 ht syscall nx mmxext fxsr_opt pdpe1gb rdtscp lm constant_tsc rep_good nopl nonstop_tsc cpuid extd_apicid tsc_known_freq pni pclmulqdq ssse3 fma cx16 sse4_1 sse4_2 movbe popcnt aes xsave avx f16c rdrand hypervisor lahf_lm cmp_legacy cr8_legacy abm sse4a misalignsse 3dnowprefetch osvw topoext ssbd ibrs ibpb stibp vmmcall fsgsbase tsc_adjust bmi1 avx2 smep bmi2 rdseed adx smap clflushopt clwb sha_ni xsaveopt xsavec xgetbv1 clzero xsaveerptr arat npt nrip_save umip rdpid

Online cpus: 0-7
Offline cpus: 
BIOS frequency limitation: <Not Available>
Frequency switch latency (ns): <Not Available>
Available cpu frequencies: <Not Available>
Current governor: <Not Available>
Core performance/turbo boost: <Not Available>

Memory: 4k page, physical 1048576k(263732k free), swap 0k(0k free)
Page Sizes: 4k

vm_info: OpenJDK 64-Bit Server VM (17.0.5+8-jvmci-22.3-b08) for linux-amd64 JRE (17.0.5+8-jvmci-22.3-b08), built on Oct 19 2022 09:01:27 by "buildslave" with gcc 10.3.0

END.
